<?xml version="1.0" encoding="UTF-8"?>
<robot generator="Robot 6.1.1 (Python 3.12.2 on win32)" generated="20240513 16:15:10.192" rpa="false" schemaversion="4">
<suite id="s1" name="Login" source="d:\ProjetoAutomacaoAcademy\tests\login.robot">
<test id="s1-t1" name="01 - login de acesso" line="10">
<kw name="Abrir o navegador" library="front" type="SETUP">
<kw name="Open Browser" library="SeleniumLibrary">
<arg>browser=firefox</arg>
<doc>Opens a new browser instance to the optional ``url``.</doc>
<msg timestamp="20240513 16:15:10.609" level="INFO">Opening browser 'firefox' to base url 'None'.</msg>
<status status="PASS" starttime="20240513 16:15:10.608" endtime="20240513 16:15:21.107"/>
</kw>
<kw name="Maximize Browser Window" library="SeleniumLibrary">
<doc>Maximizes current browser window.</doc>
<status status="PASS" starttime="20240513 16:15:21.108" endtime="20240513 16:15:21.111"/>
</kw>
<status status="PASS" starttime="20240513 16:15:10.608" endtime="20240513 16:15:21.112"/>
</kw>
<kw name="Passo 1 - Acessar a pagina de login Academy" library="front">
<kw name="Go to url=${URL}">
<msg timestamp="20240513 16:15:21.128" level="FAIL">No keyword with name 'Go to url=${URL}' found. Did you try using keyword 'SeleniumLibrary.Go To' and forgot to use enough whitespace between keyword and arguments?</msg>
<status status="FAIL" starttime="20240513 16:15:21.128" endtime="20240513 16:15:21.130"/>
</kw>
<status status="FAIL" starttime="20240513 16:15:21.122" endtime="20240513 16:15:21.131"/>
</kw>
<kw name="Passo 2 - Digitar o email" library="front">
<status status="NOT RUN" starttime="20240513 16:15:21.147" endtime="20240513 16:15:21.148"/>
</kw>
<kw name="Passo 3 - Digitar a senha" library="front">
<status status="NOT RUN" starttime="20240513 16:15:21.189" endtime="20240513 16:15:21.190"/>
</kw>
<kw name="Passo 4 - Clicar em Entrar" library="front">
<status status="NOT RUN" starttime="20240513 16:15:21.249" endtime="20240513 16:15:21.250"/>
</kw>
<kw name="Fechar o navegador" library="front" type="TEARDOWN">
<kw name="Close Browser" library="SeleniumLibrary">
<doc>Closes the current browser.</doc>
<status status="PASS" starttime="20240513 16:15:21.262" endtime="20240513 16:15:24.637"/>
</kw>
<status status="PASS" starttime="20240513 16:15:21.261" endtime="20240513 16:15:24.637"/>
</kw>
<status status="FAIL" starttime="20240513 16:15:10.607" endtime="20240513 16:15:24.638">No keyword with name 'Go to url=${URL}' found. Did you try using keyword 'SeleniumLibrary.Go To' and forgot to use enough whitespace between keyword and arguments?</status>
</test>
<status status="FAIL" starttime="20240513 16:15:10.210" endtime="20240513 16:15:24.644"/>
</suite>
<statistics>
<total>
<stat pass="0" fail="1" skip="0">All Tests</stat>
</total>
<tag>
</tag>
<suite>
<stat pass="0" fail="1" skip="0" id="s1" name="Login">Login</stat>
</suite>
</statistics>
<errors>
</errors>
</robot>
