<?xml version="1.0" encoding="UTF-8"?>
<robot generator="Robot 6.1.1 (Python 3.12.2 on win32)" generated="20240513 21:08:39.576" rpa="false" schemaversion="4">
<suite id="s1" name="Tests" source="D:\ProjetoAutomacaoAcademy\tests">
<suite id="s1-s1" name="cadastroUsuario" source="D:\ProjetoAutomacaoAcademy\tests\cadastroUsuario.robot">
<test id="s1-s1-t1" name="02- Cadastro de usuario" line="9">
<kw name="Abrir o navegador" library="front" type="SETUP">
<kw name="Open Browser" library="SeleniumLibrary">
<arg>browser=headlesschrome</arg>
<doc>Opens a new browser instance to the optional ``url``.</doc>
<msg timestamp="20240513 21:08:39.901" level="INFO">Opening browser 'headlesschrome' to base url 'None'.</msg>
<status status="PASS" starttime="20240513 21:08:39.901" endtime="20240513 21:08:43.470"/>
</kw>
<kw name="Maximize Browser Window" library="SeleniumLibrary">
<doc>Maximizes current browser window.</doc>
<status status="PASS" starttime="20240513 21:08:43.470" endtime="20240513 21:08:43.572"/>
</kw>
<status status="PASS" starttime="20240513 21:08:39.900" endtime="20240513 21:08:43.572"/>
</kw>
<kw name="Passo 1 - Acessar a pagina de login Academy" library="front">
<kw name="Go To" library="SeleniumLibrary">
<arg>url=${URL}</arg>
<doc>Navigates the current browser window to the provided ``url``.</doc>
<msg timestamp="20240513 21:08:43.574" level="INFO">Opening url 'https://automacao.qacoders-academy.com.br/login'</msg>
<status status="PASS" starttime="20240513 21:08:43.574" endtime="20240513 21:08:44.958"/>
</kw>
<status status="PASS" starttime="20240513 21:08:43.573" endtime="20240513 21:08:44.958"/>
</kw>
<kw name="Passo 2 - Digitar o email" library="front">
<kw name="Wait Until Element Is Visible" library="SeleniumLibrary">
<arg>locator=${email}</arg>
<doc>Waits until the element ``locator`` is visible.</doc>
<status status="PASS" starttime="20240513 21:08:44.960" endtime="20240513 21:08:45.005"/>
</kw>
<kw name="Input Text" library="SeleniumLibrary">
<arg>locator=${email}</arg>
<arg>text=sysadmin@qacoders.com</arg>
<doc>Types the given ``text`` into the text field identified by ``locator``.</doc>
<msg timestamp="20240513 21:08:45.006" level="INFO">Typing text 'sysadmin@qacoders.com' into text field '//input[@id='email']'.</msg>
<status status="PASS" starttime="20240513 21:08:45.006" endtime="20240513 21:08:45.262"/>
</kw>
<status status="PASS" starttime="20240513 21:08:44.959" endtime="20240513 21:08:45.262"/>
</kw>
<kw name="Passo 3 - Digitar a senha" library="front">
<kw name="Wait Until Element Is Visible" library="SeleniumLibrary">
<arg>locator=${password}</arg>
<doc>Waits until the element ``locator`` is visible.</doc>
<status status="PASS" starttime="20240513 21:08:45.263" endtime="20240513 21:08:45.295"/>
</kw>
<kw name="Input Password" library="SeleniumLibrary">
<arg>locator=${password}</arg>
<arg>password=1234@Test</arg>
<doc>Types the given password into the text field identified by ``locator``.</doc>
<msg timestamp="20240513 21:08:45.296" level="INFO">Typing password into text field '//input[@id='password']'.</msg>
<msg timestamp="20240513 21:08:45.343" level="INFO">Temporally setting log level to: NONE</msg>
<msg timestamp="20240513 21:08:45.413" level="INFO">Log level changed from NONE to INFO.</msg>
<status status="PASS" starttime="20240513 21:08:45.295" endtime="20240513 21:08:45.413"/>
</kw>
<status status="PASS" starttime="20240513 21:08:45.262" endtime="20240513 21:08:45.414"/>
</kw>
<kw name="Passo 4 - Clicar em Entrar" library="front">
<kw name="Wait Until Element Is Visible" library="SeleniumLibrary">
<arg>locator=${ButtonEntrar}</arg>
<doc>Waits until the element ``locator`` is visible.</doc>
<status status="PASS" starttime="20240513 21:08:45.415" endtime="20240513 21:08:45.445"/>
</kw>
<kw name="Click Button" library="SeleniumLibrary">
<arg>locator=${ButtonEntrar}</arg>
<doc>Clicks the button identified by ``locator``.</doc>
<msg timestamp="20240513 21:08:45.446" level="INFO">Clicking button '//button[contains(@id,'login')]'.</msg>
<status status="PASS" starttime="20240513 21:08:45.446" endtime="20240513 21:08:45.548"/>
</kw>
<kw name="Sleep" library="BuiltIn">
<arg>3s</arg>
<doc>Pauses the test executed for the given time.</doc>
<msg timestamp="20240513 21:08:48.551" level="INFO">Slept 3 seconds</msg>
<status status="PASS" starttime="20240513 21:08:45.548" endtime="20240513 21:08:48.551"/>
</kw>
<status status="PASS" starttime="20240513 21:08:45.414" endtime="20240513 21:08:48.551"/>
</kw>
<kw name="Passo 5 - Clicar em Cadastro" library="front">
<kw name="Wait Until Element Is Visible" library="SeleniumLibrary">
<arg>locator=${Cadastro}</arg>
<doc>Waits until the element ``locator`` is visible.</doc>
<status status="PASS" starttime="20240513 21:08:48.554" endtime="20240513 21:08:48.601"/>
</kw>
<kw name="Click Element" library="SeleniumLibrary">
<arg>locator=${Cadastro}</arg>
<doc>Click the element identified by ``locator``.</doc>
<msg timestamp="20240513 21:08:48.602" level="INFO">Clicking element '//div[contains(@id,'Cadastros')]'.</msg>
<status status="PASS" starttime="20240513 21:08:48.601" endtime="20240513 21:08:48.655"/>
</kw>
<status status="PASS" starttime="20240513 21:08:48.553" endtime="20240513 21:08:48.656"/>
</kw>
<kw name="Passo 6 - Clicar em Usuarios" library="front">
<kw name="Wait Until Element Is Visible" library="SeleniumLibrary">
<arg>locator=${usuarios}</arg>
<doc>Waits until the element ``locator`` is visible.</doc>
<status status="PASS" starttime="20240513 21:08:48.659" endtime="20240513 21:08:48.745"/>
</kw>
<kw name="Click Element" library="SeleniumLibrary">
<arg>locator=${usuarios}</arg>
<doc>Click the element identified by ``locator``.</doc>
<msg timestamp="20240513 21:08:48.746" level="INFO">Clicking element '//span[@class='MuiTypography-root MuiTypography-body1 MuiListItemText-primary css-yb0lig'][contains(.,'Usuários')]'.</msg>
<status status="PASS" starttime="20240513 21:08:48.745" endtime="20240513 21:08:48.814"/>
</kw>
<status status="PASS" starttime="20240513 21:08:48.659" endtime="20240513 21:08:48.814"/>
</kw>
<kw name="Passo 7 - Clicar em Novo Cadastro" library="front">
<kw name="Wait Until Element Is Visible" library="SeleniumLibrary">
<arg>locator=${NovoCadastro}</arg>
<doc>Waits until the element ``locator`` is visible.</doc>
<status status="PASS" starttime="20240513 21:08:48.815" endtime="20240513 21:08:48.920"/>
</kw>
<kw name="Click Button" library="SeleniumLibrary">
<arg>locator=${NovoCadastro}</arg>
<doc>Clicks the button identified by ``locator``.</doc>
<msg timestamp="20240513 21:08:48.921" level="INFO">Clicking button '//button[@class='css-fvzsut'][contains(.,'Novo Cadastro')]'.</msg>
<status status="PASS" starttime="20240513 21:08:48.920" endtime="20240513 21:08:49.019"/>
</kw>
<status status="PASS" starttime="20240513 21:08:48.815" endtime="20240513 21:08:49.019"/>
</kw>
<kw name=" Passo 8 - Digitar nome completo" library="front">
<kw name="Wait Until Element Is Visible" library="SeleniumLibrary">
<arg>locator=${NomeCompleto_form}</arg>
<doc>Waits until the element ``locator`` is visible.</doc>
<status status="PASS" starttime="20240513 21:08:49.020" endtime="20240513 21:08:49.061"/>
</kw>
<kw name="Input Text" library="SeleniumLibrary">
<arg>locator=${NomeCompleto_form}</arg>
<arg>text=teste teste</arg>
<doc>Types the given ``text`` into the text field identified by ``locator``.</doc>
<msg timestamp="20240513 21:08:49.062" level="INFO">Typing text 'teste teste' into text field '//input[contains(@name,'fullName')]'.</msg>
<status status="PASS" starttime="20240513 21:08:49.061" endtime="20240513 21:08:49.413"/>
</kw>
<status status="PASS" starttime="20240513 21:08:49.020" endtime="20240513 21:08:49.413"/>
</kw>
<kw name="Passo 9 - Digitar e-mail" library="front">
<kw name="Generate Random String" library="String">
<var>${palavra_randomica}</var>
<arg>8</arg>
<arg>chars=[LETTERS]</arg>
<doc>Generates a string with a desired ``length`` from the given ``chars``.</doc>
<msg timestamp="20240513 21:08:49.418" level="INFO">${palavra_randomica} = IwAqipvG</msg>
<status status="PASS" starttime="20240513 21:08:49.417" endtime="20240513 21:08:49.418"/>
</kw>
<kw name="Convert To Lower Case" library="String">
<var>${palavra_randomica}</var>
<arg>${palavra_randomica}</arg>
<doc>Converts string to lower case.</doc>
<msg timestamp="20240513 21:08:49.418" level="INFO">${palavra_randomica} = iwaqipvg</msg>
<status status="PASS" starttime="20240513 21:08:49.418" endtime="20240513 21:08:49.418"/>
</kw>
<kw name="Set Test Variable" library="BuiltIn">
<arg>${mail}</arg>
<arg>${palavra_randomica}@hotmail.com</arg>
<doc>Makes a variable available everywhere within the scope of the current test.</doc>
<msg timestamp="20240513 21:08:49.421" level="INFO">${mail} = iwaqipvg@hotmail.com</msg>
<status status="PASS" starttime="20240513 21:08:49.419" endtime="20240513 21:08:49.421"/>
</kw>
<kw name="Log" library="BuiltIn">
<arg>${mail}</arg>
<doc>Logs the given message with the given level.</doc>
<msg timestamp="20240513 21:08:49.422" level="INFO">iwaqipvg@hotmail.com</msg>
<status status="PASS" starttime="20240513 21:08:49.421" endtime="20240513 21:08:49.422"/>
</kw>
<kw name="Wait Until Element Is Visible" library="SeleniumLibrary">
<arg>locator=${Email_form}</arg>
<doc>Waits until the element ``locator`` is visible.</doc>
<status status="PASS" starttime="20240513 21:08:49.422" endtime="20240513 21:08:49.653"/>
</kw>
<kw name="Input Text" library="SeleniumLibrary">
<arg>locator=${Email_form}</arg>
<arg>text=${mail}</arg>
<doc>Types the given ``text`` into the text field identified by ``locator``.</doc>
<msg timestamp="20240513 21:08:49.655" level="INFO">Typing text 'iwaqipvg@hotmail.com' into text field '//input[contains(@name,'mail')]'.</msg>
<status status="PASS" starttime="20240513 21:08:49.654" endtime="20240513 21:08:49.967"/>
</kw>
<status status="PASS" starttime="20240513 21:08:49.416" endtime="20240513 21:08:49.968"/>
</kw>
<kw name="Passo 10 - Digitar perfil de acesso" library="front">
<kw name="Wait Until Element Is Visible" library="SeleniumLibrary">
<arg>locator=${Perfil_Acesso_form}</arg>
<doc>Waits until the element ``locator`` is visible.</doc>
<status status="PASS" starttime="20240513 21:08:49.969" endtime="20240513 21:08:50.203"/>
</kw>
<kw name="Input Text" library="SeleniumLibrary">
<arg>locator=${Perfil_Acesso_form}</arg>
<arg>text=admin</arg>
<doc>Types the given ``text`` into the text field identified by ``locator``.</doc>
<msg timestamp="20240513 21:08:50.205" level="INFO">Typing text 'admin' into text field '//input[contains(@name,'accessProfile')]'.</msg>
<status status="PASS" starttime="20240513 21:08:50.203" endtime="20240513 21:08:50.338"/>
</kw>
<status status="PASS" starttime="20240513 21:08:49.968" endtime="20240513 21:08:50.338"/>
</kw>
<kw name="Passo 11 - Digitar CPF" library="front">
<kw name="Generate Random String" library="String">
<var>${cpf_randomico}</var>
<arg>11</arg>
<arg>chars=[NUMBERS]</arg>
<doc>Generates a string with a desired ``length`` from the given ``chars``.</doc>
<msg timestamp="20240513 21:08:50.346" level="INFO">${cpf_randomico} = 09100661592</msg>
<status status="PASS" starttime="20240513 21:08:50.345" endtime="20240513 21:08:50.347"/>
</kw>
<kw name="Set Test Variable" library="BuiltIn">
<arg>${CPF}</arg>
<arg>${cpf_randomico}</arg>
<doc>Makes a variable available everywhere within the scope of the current test.</doc>
<msg timestamp="20240513 21:08:50.351" level="INFO">${CPF} = 09100661592</msg>
<status status="PASS" starttime="20240513 21:08:50.347" endtime="20240513 21:08:50.351"/>
</kw>
<kw name="Log" library="BuiltIn">
<arg>${CPF}</arg>
<doc>Logs the given message with the given level.</doc>
<msg timestamp="20240513 21:08:50.352" level="INFO">09100661592</msg>
<status status="PASS" starttime="20240513 21:08:50.351" endtime="20240513 21:08:50.352"/>
</kw>
<kw name="Wait Until Element Is Visible" library="SeleniumLibrary">
<arg>locator=${CPF_form}</arg>
<doc>Waits until the element ``locator`` is visible.</doc>
<status status="PASS" starttime="20240513 21:08:50.352" endtime="20240513 21:08:50.469"/>
</kw>
<kw name="Input Text" library="SeleniumLibrary">
<arg>locator=${CPF_form}</arg>
<arg>text=${CPF}</arg>
<doc>Types the given ``text`` into the text field identified by ``locator``.</doc>
<msg timestamp="20240513 21:08:50.475" level="INFO">Typing text '09100661592' into text field '//input[contains(@name,'cpf')]'.</msg>
<status status="PASS" starttime="20240513 21:08:50.471" endtime="20240513 21:08:50.891"/>
</kw>
<status status="PASS" starttime="20240513 21:08:50.343" endtime="20240513 21:08:50.892"/>
</kw>
<kw name="Passo 12 - Digitar senha" library="front">
<kw name="Wait Until Element Is Visible" library="SeleniumLibrary">
<arg>locator=${password_form}</arg>
<doc>Waits until the element ``locator`` is visible.</doc>
<status status="PASS" starttime="20240513 21:08:50.893" endtime="20240513 21:08:51.013"/>
</kw>
<kw name="Input Password" library="SeleniumLibrary">
<arg>locator=${password_form}</arg>
<arg>password=1234@Ttest</arg>
<doc>Types the given password into the text field identified by ``locator``.</doc>
<msg timestamp="20240513 21:08:51.018" level="INFO">Typing password into text field '//input[contains(@name,'password')]'.</msg>
<msg timestamp="20240513 21:08:51.161" level="INFO">Temporally setting log level to: NONE</msg>
<msg timestamp="20240513 21:08:51.349" level="INFO">Log level changed from NONE to INFO.</msg>
<status status="PASS" starttime="20240513 21:08:51.015" endtime="20240513 21:08:51.352"/>
</kw>
<status status="PASS" starttime="20240513 21:08:50.892" endtime="20240513 21:08:51.352"/>
</kw>
<kw name="Passo 13 - Digitar confirmar senha" library="front">
<kw name="Wait Until Element Is Visible" library="SeleniumLibrary">
<arg>locator=${confirmarSenha_form}</arg>
<doc>Waits until the element ``locator`` is visible.</doc>
<status status="PASS" starttime="20240513 21:08:51.361" endtime="20240513 21:08:51.444"/>
</kw>
<kw name="Input Password" library="SeleniumLibrary">
<arg>locator=${confirmarSenha_form}</arg>
<arg>password=1234@Ttest</arg>
<doc>Types the given password into the text field identified by ``locator``.</doc>
<msg timestamp="20240513 21:08:51.446" level="INFO">Typing password into text field '//input[contains(@name,'password')]'.</msg>
<msg timestamp="20240513 21:08:51.656" level="INFO">Temporally setting log level to: NONE</msg>
<msg timestamp="20240513 21:08:51.932" level="INFO">Log level changed from NONE to INFO.</msg>
<status status="PASS" starttime="20240513 21:08:51.445" endtime="20240513 21:08:51.932"/>
</kw>
<status status="PASS" starttime="20240513 21:08:51.359" endtime="20240513 21:08:51.932"/>
</kw>
<kw name="Passo 14 - Clicar no Salvar Novo" library="front">
<kw name="Wait Until Element Is Visible" library="SeleniumLibrary">
<arg>locator=${ButtonSalvar_fomr}</arg>
<doc>Waits until the element ``locator`` is visible.</doc>
<status status="PASS" starttime="20240513 21:08:51.963" endtime="20240513 21:08:52.263"/>
</kw>
<kw name="Click Button" library="SeleniumLibrary">
<arg>locator=${ButtonSalvar_fomr}</arg>
<doc>Clicks the button identified by ``locator``.</doc>
<msg timestamp="20240513 21:08:52.264" level="INFO">Clicking button '//button[@type='submit'][contains(.,'SALVAR NOVO')]'.</msg>
<status status="PASS" starttime="20240513 21:08:52.263" endtime="20240513 21:08:52.428"/>
</kw>
<status status="PASS" starttime="20240513 21:08:51.962" endtime="20240513 21:08:52.429"/>
</kw>
<kw name="Fechar o navegador" library="front" type="TEARDOWN">
<kw name="Close Browser" library="SeleniumLibrary">
<doc>Closes the current browser.</doc>
<status status="PASS" starttime="20240513 21:08:52.442" endtime="20240513 21:08:55.544"/>
</kw>
<status status="PASS" starttime="20240513 21:08:52.438" endtime="20240513 21:08:55.544"/>
</kw>
<status status="PASS" starttime="20240513 21:08:39.899" endtime="20240513 21:08:55.545"/>
</test>
<test id="s1-s1-t2" name="03- Cadastro de Diretoria" line="25">
<kw name="Abrir o navegador" library="front" type="SETUP">
<kw name="Open Browser" library="SeleniumLibrary">
<arg>browser=headlesschrome</arg>
<doc>Opens a new browser instance to the optional ``url``.</doc>
<msg timestamp="20240513 21:08:55.552" level="INFO">Opening browser 'headlesschrome' to base url 'None'.</msg>
<status status="PASS" starttime="20240513 21:08:55.552" endtime="20240513 21:08:58.383"/>
</kw>
<kw name="Maximize Browser Window" library="SeleniumLibrary">
<doc>Maximizes current browser window.</doc>
<status status="PASS" starttime="20240513 21:08:58.383" endtime="20240513 21:08:58.518"/>
</kw>
<status status="PASS" starttime="20240513 21:08:55.550" endtime="20240513 21:08:58.518"/>
</kw>
<kw name="Passo 1 - Acessar a pagina de login Academy" library="front">
<kw name="Go To" library="SeleniumLibrary">
<arg>url=${URL}</arg>
<doc>Navigates the current browser window to the provided ``url``.</doc>
<msg timestamp="20240513 21:08:58.521" level="INFO">Opening url 'https://automacao.qacoders-academy.com.br/login'</msg>
<status status="PASS" starttime="20240513 21:08:58.520" endtime="20240513 21:08:59.126"/>
</kw>
<status status="PASS" starttime="20240513 21:08:58.520" endtime="20240513 21:08:59.126"/>
</kw>
<kw name="Passo 2 - Digitar o email" library="front">
<kw name="Wait Until Element Is Visible" library="SeleniumLibrary">
<arg>locator=${email}</arg>
<doc>Waits until the element ``locator`` is visible.</doc>
<status status="PASS" starttime="20240513 21:08:59.128" endtime="20240513 21:08:59.195"/>
</kw>
<kw name="Input Text" library="SeleniumLibrary">
<arg>locator=${email}</arg>
<arg>text=sysadmin@qacoders.com</arg>
<doc>Types the given ``text`` into the text field identified by ``locator``.</doc>
<msg timestamp="20240513 21:08:59.200" level="INFO">Typing text 'sysadmin@qacoders.com' into text field '//input[@id='email']'.</msg>
<status status="PASS" starttime="20240513 21:08:59.195" endtime="20240513 21:08:59.443"/>
</kw>
<status status="PASS" starttime="20240513 21:08:59.127" endtime="20240513 21:08:59.443"/>
</kw>
<kw name="Passo 3 - Digitar a senha" library="front">
<kw name="Wait Until Element Is Visible" library="SeleniumLibrary">
<arg>locator=${password}</arg>
<doc>Waits until the element ``locator`` is visible.</doc>
<status status="PASS" starttime="20240513 21:08:59.443" endtime="20240513 21:08:59.472"/>
</kw>
<kw name="Input Password" library="SeleniumLibrary">
<arg>locator=${password}</arg>
<arg>password=1234@Test</arg>
<doc>Types the given password into the text field identified by ``locator``.</doc>
<msg timestamp="20240513 21:08:59.473" level="INFO">Typing password into text field '//input[@id='password']'.</msg>
<msg timestamp="20240513 21:08:59.522" level="INFO">Temporally setting log level to: NONE</msg>
<msg timestamp="20240513 21:08:59.600" level="INFO">Log level changed from NONE to INFO.</msg>
<status status="PASS" starttime="20240513 21:08:59.473" endtime="20240513 21:08:59.600"/>
</kw>
<status status="PASS" starttime="20240513 21:08:59.443" endtime="20240513 21:08:59.600"/>
</kw>
<kw name="Passo 4 - Clicar em Entrar" library="front">
<kw name="Wait Until Element Is Visible" library="SeleniumLibrary">
<arg>locator=${ButtonEntrar}</arg>
<doc>Waits until the element ``locator`` is visible.</doc>
<status status="PASS" starttime="20240513 21:08:59.608" endtime="20240513 21:08:59.642"/>
</kw>
<kw name="Click Button" library="SeleniumLibrary">
<arg>locator=${ButtonEntrar}</arg>
<doc>Clicks the button identified by ``locator``.</doc>
<msg timestamp="20240513 21:08:59.643" level="INFO">Clicking button '//button[contains(@id,'login')]'.</msg>
<status status="PASS" starttime="20240513 21:08:59.642" endtime="20240513 21:08:59.783"/>
</kw>
<kw name="Sleep" library="BuiltIn">
<arg>3s</arg>
<doc>Pauses the test executed for the given time.</doc>
<msg timestamp="20240513 21:09:02.783" level="INFO">Slept 3 seconds</msg>
<status status="PASS" starttime="20240513 21:08:59.783" endtime="20240513 21:09:02.783"/>
</kw>
<status status="PASS" starttime="20240513 21:08:59.607" endtime="20240513 21:09:02.783"/>
</kw>
<kw name="Passo 5 - Clicar em Cadastro" library="front">
<kw name="Wait Until Element Is Visible" library="SeleniumLibrary">
<arg>locator=${Cadastro}</arg>
<doc>Waits until the element ``locator`` is visible.</doc>
<status status="PASS" starttime="20240513 21:09:02.785" endtime="20240513 21:09:02.828"/>
</kw>
<kw name="Click Element" library="SeleniumLibrary">
<arg>locator=${Cadastro}</arg>
<doc>Click the element identified by ``locator``.</doc>
<msg timestamp="20240513 21:09:02.828" level="INFO">Clicking element '//div[contains(@id,'Cadastros')]'.</msg>
<status status="PASS" starttime="20240513 21:09:02.828" endtime="20240513 21:09:02.903"/>
</kw>
<status status="PASS" starttime="20240513 21:09:02.784" endtime="20240513 21:09:02.903"/>
</kw>
<kw name="Passo 15 - Clicar em Diretoria" library="front">
<kw name="Wait Until Element Is Visible" library="SeleniumLibrary">
<arg>locator=${Diretoria}</arg>
<doc>Waits until the element ``locator`` is visible.</doc>
<status status="PASS" starttime="20240513 21:09:02.903" endtime="20240513 21:09:02.931"/>
</kw>
<kw name="Click Element" library="SeleniumLibrary">
<arg>locator=${Diretoria}</arg>
<doc>Click the element identified by ``locator``.</doc>
<msg timestamp="20240513 21:09:02.932" level="INFO">Clicking element '//span[@class='MuiTypography-root MuiTypography-body1 MuiListItemText-primary css-yb0lig'][contains(.,'Diretorias')]'.</msg>
<status status="PASS" starttime="20240513 21:09:02.931" endtime="20240513 21:09:03.006"/>
</kw>
<status status="PASS" starttime="20240513 21:09:02.903" endtime="20240513 21:09:03.006"/>
</kw>
<kw name="Passo 16 - Clicar em Novo Cadastro da Diretoria" library="front">
<kw name="Wait Until Element Is Visible" library="SeleniumLibrary">
<arg>locator=${NovoCadastro_Diretoria}</arg>
<doc>Waits until the element ``locator`` is visible.</doc>
<status status="PASS" starttime="20240513 21:09:03.007" endtime="20240513 21:09:03.077"/>
</kw>
<kw name="Click Element" library="SeleniumLibrary">
<arg>locator=${NovoCadastro_Diretoria}</arg>
<doc>Click the element identified by ``locator``.</doc>
<msg timestamp="20240513 21:09:03.078" level="INFO">Clicking element '//button[@class='css-fvzsut'][contains(.,'Novo Cadastro')]'.</msg>
<status status="PASS" starttime="20240513 21:09:03.077" endtime="20240513 21:09:03.176"/>
</kw>
<status status="PASS" starttime="20240513 21:09:03.006" endtime="20240513 21:09:03.176"/>
</kw>
<kw name="Passo 17- Clicar em Nome Diretoria" library="front">
<kw name="Generate Random String" library="String">
<var>${palavra_randomica}</var>
<arg>8</arg>
<arg>chars=[LETTERS]</arg>
<doc>Generates a string with a desired ``length`` from the given ``chars``.</doc>
<msg timestamp="20240513 21:09:03.177" level="INFO">${palavra_randomica} = AzSebSDr</msg>
<status status="PASS" starttime="20240513 21:09:03.177" endtime="20240513 21:09:03.177"/>
</kw>
<kw name="Convert To Lower Case" library="String">
<var>${palavra_randomica}</var>
<arg>${palavra_randomica}</arg>
<doc>Converts string to lower case.</doc>
<msg timestamp="20240513 21:09:03.178" level="INFO">${palavra_randomica} = azsebsdr</msg>
<status status="PASS" starttime="20240513 21:09:03.178" endtime="20240513 21:09:03.178"/>
</kw>
<kw name="Set Test Variable" library="BuiltIn">
<arg>${diretoria}</arg>
<arg>${palavra_randomica}</arg>
<doc>Makes a variable available everywhere within the scope of the current test.</doc>
<msg timestamp="20240513 21:09:03.178" level="INFO">${diretoria} = azsebsdr</msg>
<status status="PASS" starttime="20240513 21:09:03.178" endtime="20240513 21:09:03.178"/>
</kw>
<kw name="Log" library="BuiltIn">
<arg>${diretoria}</arg>
<doc>Logs the given message with the given level.</doc>
<msg timestamp="20240513 21:09:03.179" level="INFO">azsebsdr</msg>
<status status="PASS" starttime="20240513 21:09:03.178" endtime="20240513 21:09:03.179"/>
</kw>
<kw name="Wait Until Element Is Visible" library="SeleniumLibrary">
<arg>locator=${NomeDiretoria}</arg>
<doc>Waits until the element ``locator`` is visible.</doc>
<status status="PASS" starttime="20240513 21:09:03.179" endtime="20240513 21:09:03.232"/>
</kw>
<kw name="Input Text" library="SeleniumLibrary">
<arg>locator=${NomeDiretoria}</arg>
<arg>text=${diretoria}</arg>
<doc>Types the given ``text`` into the text field identified by ``locator``.</doc>
<msg timestamp="20240513 21:09:03.233" level="INFO">Typing text 'azsebsdr' into text field '//input[contains(@class,'MuiInputBase-input MuiInput-input css-mnn31')]'.</msg>
<status status="PASS" starttime="20240513 21:09:03.232" endtime="20240513 21:09:03.512"/>
</kw>
<status status="PASS" starttime="20240513 21:09:03.177" endtime="20240513 21:09:03.514"/>
</kw>
<kw name="Passo 18- Clicar no Botao Salvar Diretoria" library="front">
<kw name="Wait Until Element Is Visible" library="SeleniumLibrary">
<arg>locator=${Button_Salvar_Diretoria}</arg>
<doc>Waits until the element ``locator`` is visible.</doc>
<status status="PASS" starttime="20240513 21:09:03.518" endtime="20240513 21:09:03.641"/>
</kw>
<kw name="Click Button" library="SeleniumLibrary">
<arg>locator=${Button_Salvar_Diretoria}</arg>
<doc>Clicks the button identified by ``locator``.</doc>
<msg timestamp="20240513 21:09:03.643" level="INFO">Clicking button '//button[@type='submit'][contains(.,'SALVAR NOVO')]'.</msg>
<status status="PASS" starttime="20240513 21:09:03.641" endtime="20240513 21:09:03.868"/>
</kw>
<status status="PASS" starttime="20240513 21:09:03.517" endtime="20240513 21:09:03.868"/>
</kw>
<kw name="Passo 19- Clicar no Botao Editar" library="front">
<kw name="Wait Until Element Is Visible" library="SeleniumLibrary">
<arg>locator=${Button_Editar}</arg>
<doc>Waits until the element ``locator`` is visible.</doc>
<status status="PASS" starttime="20240513 21:09:03.876" endtime="20240513 21:09:04.028"/>
</kw>
<kw name="Click Button" library="SeleniumLibrary">
<arg>locator=${Button_Editar}</arg>
<doc>Clicks the button identified by ``locator``.</doc>
<msg timestamp="20240513 21:09:04.029" level="INFO">Clicking button '(//button[contains(@id,'edit')])[1]'.</msg>
<status status="PASS" starttime="20240513 21:09:04.028" endtime="20240513 21:09:04.207"/>
</kw>
<status status="PASS" starttime="20240513 21:09:03.876" endtime="20240513 21:09:04.207"/>
</kw>
<kw name="Passo 20- Editar o nome da diretoria" library="front">
<kw name="Generate Random String" library="String">
<var>${palavra_randomica}</var>
<arg>8</arg>
<arg>chars=[LETTERS]</arg>
<doc>Generates a string with a desired ``length`` from the given ``chars``.</doc>
<msg timestamp="20240513 21:09:04.207" level="INFO">${palavra_randomica} = tLkhpsYE</msg>
<status status="PASS" starttime="20240513 21:09:04.207" endtime="20240513 21:09:04.207"/>
</kw>
<kw name="Convert To Lower Case" library="String">
<var>${palavra_randomica}</var>
<arg>${palavra_randomica}</arg>
<doc>Converts string to lower case.</doc>
<msg timestamp="20240513 21:09:04.209" level="INFO">${palavra_randomica} = tlkhpsye</msg>
<status status="PASS" starttime="20240513 21:09:04.207" endtime="20240513 21:09:04.209"/>
</kw>
<kw name="Set Test Variable" library="BuiltIn">
<arg>${diretoria&amp;}</arg>
<arg>${palavra_randomica}</arg>
<doc>Makes a variable available everywhere within the scope of the current test.</doc>
<msg timestamp="20240513 21:09:04.213" level="INFO">${diretoria&amp;} = tlkhpsye</msg>
<status status="PASS" starttime="20240513 21:09:04.209" endtime="20240513 21:09:04.213"/>
</kw>
<kw name="Log" library="BuiltIn">
<arg>${diretoria&amp;}</arg>
<doc>Logs the given message with the given level.</doc>
<msg timestamp="20240513 21:09:04.214" level="INFO">tlkhpsye</msg>
<status status="PASS" starttime="20240513 21:09:04.213" endtime="20240513 21:09:04.214"/>
</kw>
<kw name="Wait Until Element Is Visible" library="SeleniumLibrary">
<arg>locator=${NomeEditar}</arg>
<doc>Waits until the element ``locator`` is visible.</doc>
<status status="PASS" starttime="20240513 21:09:04.214" endtime="20240513 21:09:04.343"/>
</kw>
<kw name="Input Text" library="SeleniumLibrary">
<arg>locator=${NomeEditar}</arg>
<arg>text=${diretoria&amp;}</arg>
<doc>Types the given ``text`` into the text field identified by ``locator``.</doc>
<msg timestamp="20240513 21:09:04.345" level="INFO">Typing text 'tlkhpsye' into text field '//input[contains(@class,'MuiInputBase-input MuiInput-input css-mnn31')]'.</msg>
<status status="PASS" starttime="20240513 21:09:04.343" endtime="20240513 21:09:04.595"/>
</kw>
<status status="PASS" starttime="20240513 21:09:04.207" endtime="20240513 21:09:04.596"/>
</kw>
<kw name="Passo 21- Clicar botão salvar alterações" library="front">
<kw name="Wait Until Element Is Visible" library="SeleniumLibrary">
<arg>locator=${ButtonSalvar_Alteracoes}</arg>
<doc>Waits until the element ``locator`` is visible.</doc>
<status status="PASS" starttime="20240513 21:09:04.603" endtime="20240513 21:09:04.701"/>
</kw>
<kw name="Click Button" library="SeleniumLibrary">
<arg>locator=${ButtonSalvar_Alteracoes}</arg>
<doc>Clicks the button identified by ``locator``.</doc>
<msg timestamp="20240513 21:09:04.707" level="INFO">Clicking button '//button[@type='submit'][contains(.,'SALVAR ALTERAÇOES')]'.</msg>
<status status="PASS" starttime="20240513 21:09:04.703" endtime="20240513 21:09:04.949"/>
</kw>
<status status="PASS" starttime="20240513 21:09:04.600" endtime="20240513 21:09:04.950"/>
</kw>
<kw name="Fechar o navegador" library="front" type="TEARDOWN">
<kw name="Close Browser" library="SeleniumLibrary">
<doc>Closes the current browser.</doc>
<status status="PASS" starttime="20240513 21:09:04.953" endtime="20240513 21:09:07.718"/>
</kw>
<status status="PASS" starttime="20240513 21:09:04.952" endtime="20240513 21:09:07.718"/>
</kw>
<status status="PASS" starttime="20240513 21:08:55.549" endtime="20240513 21:09:07.719"/>
</test>
<status status="PASS" starttime="20240513 21:08:39.604" endtime="20240513 21:09:07.726"/>
</suite>
<suite id="s1-s2" name="Login" source="D:\ProjetoAutomacaoAcademy\tests\login.robot">
<test id="s1-s2-t1" name="01 - login de acesso" line="10">
<kw name="Abrir o navegador" library="front" type="SETUP">
<kw name="Open Browser" library="SeleniumLibrary">
<arg>browser=headlesschrome</arg>
<doc>Opens a new browser instance to the optional ``url``.</doc>
<msg timestamp="20240513 21:09:07.752" level="INFO">Opening browser 'headlesschrome' to base url 'None'.</msg>
<status status="PASS" starttime="20240513 21:09:07.752" endtime="20240513 21:09:10.694"/>
</kw>
<kw name="Maximize Browser Window" library="SeleniumLibrary">
<doc>Maximizes current browser window.</doc>
<status status="PASS" starttime="20240513 21:09:10.694" endtime="20240513 21:09:10.842"/>
</kw>
<status status="PASS" starttime="20240513 21:09:07.751" endtime="20240513 21:09:10.842"/>
</kw>
<kw name="Passo 1 - Acessar a pagina de login Academy" library="front">
<kw name="Go To" library="SeleniumLibrary">
<arg>url=${URL}</arg>
<doc>Navigates the current browser window to the provided ``url``.</doc>
<msg timestamp="20240513 21:09:10.843" level="INFO">Opening url 'https://automacao.qacoders-academy.com.br/login'</msg>
<status status="PASS" starttime="20240513 21:09:10.842" endtime="20240513 21:09:11.389"/>
</kw>
<status status="PASS" starttime="20240513 21:09:10.842" endtime="20240513 21:09:11.389"/>
</kw>
<kw name="Passo 2 - Digitar o email" library="front">
<kw name="Wait Until Element Is Visible" library="SeleniumLibrary">
<arg>locator=${email}</arg>
<doc>Waits until the element ``locator`` is visible.</doc>
<status status="PASS" starttime="20240513 21:09:11.390" endtime="20240513 21:09:11.492"/>
</kw>
<kw name="Input Text" library="SeleniumLibrary">
<arg>locator=${email}</arg>
<arg>text=sysadmin@qacoders.com</arg>
<doc>Types the given ``text`` into the text field identified by ``locator``.</doc>
<msg timestamp="20240513 21:09:11.493" level="INFO">Typing text 'sysadmin@qacoders.com' into text field '//input[@id='email']'.</msg>
<status status="PASS" starttime="20240513 21:09:11.493" endtime="20240513 21:09:11.740"/>
</kw>
<status status="PASS" starttime="20240513 21:09:11.390" endtime="20240513 21:09:11.740"/>
</kw>
<kw name="Passo 3 - Digitar a senha" library="front">
<kw name="Wait Until Element Is Visible" library="SeleniumLibrary">
<arg>locator=${password}</arg>
<doc>Waits until the element ``locator`` is visible.</doc>
<status status="PASS" starttime="20240513 21:09:11.741" endtime="20240513 21:09:11.771"/>
</kw>
<kw name="Input Password" library="SeleniumLibrary">
<arg>locator=${password}</arg>
<arg>password=1234@Test</arg>
<doc>Types the given password into the text field identified by ``locator``.</doc>
<msg timestamp="20240513 21:09:11.772" level="INFO">Typing password into text field '//input[@id='password']'.</msg>
<msg timestamp="20240513 21:09:11.818" level="INFO">Temporally setting log level to: NONE</msg>
<msg timestamp="20240513 21:09:11.905" level="INFO">Log level changed from NONE to INFO.</msg>
<status status="PASS" starttime="20240513 21:09:11.771" endtime="20240513 21:09:11.905"/>
</kw>
<status status="PASS" starttime="20240513 21:09:11.741" endtime="20240513 21:09:11.905"/>
</kw>
<kw name="Passo 4 - Clicar em Entrar" library="front">
<kw name="Wait Until Element Is Visible" library="SeleniumLibrary">
<arg>locator=${ButtonEntrar}</arg>
<doc>Waits until the element ``locator`` is visible.</doc>
<status status="PASS" starttime="20240513 21:09:11.906" endtime="20240513 21:09:11.943"/>
</kw>
<kw name="Click Button" library="SeleniumLibrary">
<arg>locator=${ButtonEntrar}</arg>
<doc>Clicks the button identified by ``locator``.</doc>
<msg timestamp="20240513 21:09:11.943" level="INFO">Clicking button '//button[contains(@id,'login')]'.</msg>
<status status="PASS" starttime="20240513 21:09:11.943" endtime="20240513 21:09:12.090"/>
</kw>
<kw name="Sleep" library="BuiltIn">
<arg>3s</arg>
<doc>Pauses the test executed for the given time.</doc>
<msg timestamp="20240513 21:09:15.091" level="INFO">Slept 3 seconds</msg>
<status status="PASS" starttime="20240513 21:09:12.090" endtime="20240513 21:09:15.091"/>
</kw>
<status status="PASS" starttime="20240513 21:09:11.906" endtime="20240513 21:09:15.092"/>
</kw>
<kw name="Fechar o navegador" library="front" type="TEARDOWN">
<kw name="Close Browser" library="SeleniumLibrary">
<doc>Closes the current browser.</doc>
<status status="PASS" starttime="20240513 21:09:15.094" endtime="20240513 21:09:17.475"/>
</kw>
<status status="PASS" starttime="20240513 21:09:15.093" endtime="20240513 21:09:17.475"/>
</kw>
<status status="PASS" starttime="20240513 21:09:07.750" endtime="20240513 21:09:17.476"/>
</test>
<status status="PASS" starttime="20240513 21:09:07.734" endtime="20240513 21:09:17.483"/>
</suite>
<status status="PASS" starttime="20240513 21:08:39.578" endtime="20240513 21:09:17.493"/>
</suite>
<statistics>
<total>
<stat pass="3" fail="0" skip="0">All Tests</stat>
</total>
<tag>
</tag>
<suite>
<stat pass="3" fail="0" skip="0" id="s1" name="Tests">Tests</stat>
<stat pass="2" fail="0" skip="0" id="s1-s1" name="cadastroUsuario">Tests.cadastroUsuario</stat>
<stat pass="1" fail="0" skip="0" id="s1-s2" name="Login">Tests.Login</stat>
</suite>
</statistics>
<errors>
</errors>
</robot>
