<?xml version="1.0" encoding="UTF-8"?>
<robot generator="Robot 6.1.1 (Python 3.12.2 on win32)" generated="20240513 20:38:52.709" rpa="false" schemaversion="4">
<suite id="s1" name="Tests" source="D:\ProjetoAutomacaoAcademy\tests">
<suite id="s1-s1" name="cadastroUsuario" source="D:\ProjetoAutomacaoAcademy\tests\cadastroUsuario.robot">
<test id="s1-s1-t1" name="02- Cadastro de usuario" line="9">
<kw name="Abrir o navegador" library="front" type="SETUP">
<kw name="Open Browser" library="SeleniumLibrary">
<arg>browser=chrome</arg>
<doc>Opens a new browser instance to the optional ``url``.</doc>
<msg timestamp="20240513 20:38:53.045" level="INFO">Opening browser 'chrome' to base url 'None'.</msg>
<status status="PASS" starttime="20240513 20:38:53.045" endtime="20240513 20:38:56.746"/>
</kw>
<kw name="Maximize Browser Window" library="SeleniumLibrary">
<doc>Maximizes current browser window.</doc>
<status status="PASS" starttime="20240513 20:38:56.746" endtime="20240513 20:38:56.785"/>
</kw>
<status status="PASS" starttime="20240513 20:38:53.045" endtime="20240513 20:38:56.785"/>
</kw>
<kw name="Passo 1 - Acessar a pagina de login Academy" library="front">
<kw name="Go To" library="SeleniumLibrary">
<arg>url=${URL}</arg>
<doc>Navigates the current browser window to the provided ``url``.</doc>
<msg timestamp="20240513 20:38:56.791" level="INFO">Opening url 'https://automacao.qacoders-academy.com.br/login'</msg>
<status status="PASS" starttime="20240513 20:38:56.791" endtime="20240513 20:38:58.324"/>
</kw>
<status status="PASS" starttime="20240513 20:38:56.788" endtime="20240513 20:38:58.325"/>
</kw>
<kw name="Passo 2 - Digitar o email" library="front">
<kw name="Wait Until Element Is Visible" library="SeleniumLibrary">
<arg>locator=${email}</arg>
<doc>Waits until the element ``locator`` is visible.</doc>
<status status="PASS" starttime="20240513 20:38:58.326" endtime="20240513 20:38:58.430"/>
</kw>
<kw name="Input Text" library="SeleniumLibrary">
<arg>locator=${email}</arg>
<arg>text=sysadmin@qacoders.com</arg>
<doc>Types the given ``text`` into the text field identified by ``locator``.</doc>
<msg timestamp="20240513 20:38:58.431" level="INFO">Typing text 'sysadmin@qacoders.com' into text field '//input[@id='email']'.</msg>
<status status="PASS" starttime="20240513 20:38:58.430" endtime="20240513 20:38:58.672"/>
</kw>
<status status="PASS" starttime="20240513 20:38:58.326" endtime="20240513 20:38:58.672"/>
</kw>
<kw name="Passo 3 - Digitar a senha" library="front">
<kw name="Wait Until Element Is Visible" library="SeleniumLibrary">
<arg>locator=${password}</arg>
<doc>Waits until the element ``locator`` is visible.</doc>
<status status="PASS" starttime="20240513 20:38:58.673" endtime="20240513 20:38:58.704"/>
</kw>
<kw name="Input Password" library="SeleniumLibrary">
<arg>locator=${password}</arg>
<arg>password=1234@Test</arg>
<doc>Types the given password into the text field identified by ``locator``.</doc>
<msg timestamp="20240513 20:38:58.705" level="INFO">Typing password into text field '//input[@id='password']'.</msg>
<msg timestamp="20240513 20:38:58.751" level="INFO">Temporally setting log level to: NONE</msg>
<msg timestamp="20240513 20:38:58.837" level="INFO">Log level changed from NONE to INFO.</msg>
<status status="PASS" starttime="20240513 20:38:58.704" endtime="20240513 20:38:58.837"/>
</kw>
<status status="PASS" starttime="20240513 20:38:58.673" endtime="20240513 20:38:58.837"/>
</kw>
<kw name="Passo 4 - Clicar em Entrar" library="front">
<kw name="Wait Until Element Is Visible" library="SeleniumLibrary">
<arg>locator=${ButtonEntrar}</arg>
<doc>Waits until the element ``locator`` is visible.</doc>
<status status="PASS" starttime="20240513 20:38:58.840" endtime="20240513 20:38:58.867"/>
</kw>
<kw name="Click Button" library="SeleniumLibrary">
<arg>locator=${ButtonEntrar}</arg>
<doc>Clicks the button identified by ``locator``.</doc>
<msg timestamp="20240513 20:38:58.868" level="INFO">Clicking button '//button[contains(@id,'login')]'.</msg>
<status status="PASS" starttime="20240513 20:38:58.867" endtime="20240513 20:38:58.972"/>
</kw>
<status status="PASS" starttime="20240513 20:38:58.840" endtime="20240513 20:38:58.972"/>
</kw>
<kw name="Passo 5 - Clicar em Cadastro" library="front">
<kw name="Wait Until Element Is Visible" library="SeleniumLibrary">
<arg>locator=${Cadastro}</arg>
<doc>Waits until the element ``locator`` is visible.</doc>
<status status="PASS" starttime="20240513 20:38:58.973" endtime="20240513 20:38:59.628"/>
</kw>
<kw name="Click Element" library="SeleniumLibrary">
<arg>locator=${Cadastro}</arg>
<doc>Click the element identified by ``locator``.</doc>
<msg timestamp="20240513 20:38:59.629" level="INFO">Clicking element '//div[contains(@id,'Cadastros')]'.</msg>
<status status="PASS" starttime="20240513 20:38:59.629" endtime="20240513 20:38:59.698"/>
</kw>
<status status="PASS" starttime="20240513 20:38:58.973" endtime="20240513 20:38:59.698"/>
</kw>
<kw name="Passo 6 - Clicar em Usuarios" library="front">
<kw name="Wait Until Element Is Visible" library="SeleniumLibrary">
<arg>locator=${usuarios}</arg>
<doc>Waits until the element ``locator`` is visible.</doc>
<status status="PASS" starttime="20240513 20:38:59.701" endtime="20240513 20:38:59.732"/>
</kw>
<kw name="Click Element" library="SeleniumLibrary">
<arg>locator=${usuarios}</arg>
<doc>Click the element identified by ``locator``.</doc>
<msg timestamp="20240513 20:38:59.733" level="INFO">Clicking element '//span[@class='MuiTypography-root MuiTypography-body1 MuiListItemText-primary css-yb0lig'][contains(.,'Usuários')]'.</msg>
<status status="PASS" starttime="20240513 20:38:59.732" endtime="20240513 20:38:59.812"/>
</kw>
<status status="PASS" starttime="20240513 20:38:59.701" endtime="20240513 20:38:59.812"/>
</kw>
<kw name="Passo 7 - Clicar em Novo Cadastro" library="front">
<kw name="Wait Until Element Is Visible" library="SeleniumLibrary">
<arg>locator=${NovoCadastro}</arg>
<doc>Waits until the element ``locator`` is visible.</doc>
<status status="PASS" starttime="20240513 20:38:59.814" endtime="20240513 20:38:59.903"/>
</kw>
<kw name="Click Button" library="SeleniumLibrary">
<arg>locator=${NovoCadastro}</arg>
<doc>Clicks the button identified by ``locator``.</doc>
<msg timestamp="20240513 20:38:59.904" level="INFO">Clicking button '//button[@class='css-fvzsut'][contains(.,'Novo Cadastro')]'.</msg>
<status status="PASS" starttime="20240513 20:38:59.903" endtime="20240513 20:39:00.034"/>
</kw>
<status status="PASS" starttime="20240513 20:38:59.813" endtime="20240513 20:39:00.034"/>
</kw>
<kw name=" Passo 8 - Digitar nome completo" library="front">
<kw name="Wait Until Element Is Visible" library="SeleniumLibrary">
<arg>locator=${NomeCompleto_form}</arg>
<doc>Waits until the element ``locator`` is visible.</doc>
<status status="PASS" starttime="20240513 20:39:00.036" endtime="20240513 20:39:00.110"/>
</kw>
<kw name="Input Text" library="SeleniumLibrary">
<arg>locator=${NomeCompleto_form}</arg>
<arg>text=teste teste</arg>
<doc>Types the given ``text`` into the text field identified by ``locator``.</doc>
<msg timestamp="20240513 20:39:00.111" level="INFO">Typing text 'teste teste' into text field '//input[contains(@name,'fullName')]'.</msg>
<status status="PASS" starttime="20240513 20:39:00.111" endtime="20240513 20:39:00.448"/>
</kw>
<status status="PASS" starttime="20240513 20:39:00.035" endtime="20240513 20:39:00.448"/>
</kw>
<kw name="Passo 9 - Digitar e-mail" library="front">
<kw name="Generate Random String" library="String">
<var>${palavra_randomica}</var>
<arg>8</arg>
<arg>chars=[LETTERS]</arg>
<doc>Generates a string with a desired ``length`` from the given ``chars``.</doc>
<msg timestamp="20240513 20:39:00.454" level="INFO">${palavra_randomica} = phnWeOtT</msg>
<status status="PASS" starttime="20240513 20:39:00.453" endtime="20240513 20:39:00.454"/>
</kw>
<kw name="Convert To Lower Case" library="String">
<var>${palavra_randomica}</var>
<arg>${palavra_randomica}</arg>
<doc>Converts string to lower case.</doc>
<msg timestamp="20240513 20:39:00.456" level="INFO">${palavra_randomica} = phnweott</msg>
<status status="PASS" starttime="20240513 20:39:00.455" endtime="20240513 20:39:00.456"/>
</kw>
<kw name="Set Test Variable" library="BuiltIn">
<arg>${mail}</arg>
<arg>${palavra_randomica}@hotmail.com</arg>
<doc>Makes a variable available everywhere within the scope of the current test.</doc>
<msg timestamp="20240513 20:39:00.460" level="INFO">${mail} = phnweott@hotmail.com</msg>
<status status="PASS" starttime="20240513 20:39:00.456" endtime="20240513 20:39:00.460"/>
</kw>
<kw name="Log" library="BuiltIn">
<arg>${mail}</arg>
<doc>Logs the given message with the given level.</doc>
<msg timestamp="20240513 20:39:00.461" level="INFO">phnweott@hotmail.com</msg>
<status status="PASS" starttime="20240513 20:39:00.461" endtime="20240513 20:39:00.461"/>
</kw>
<kw name="Wait Until Element Is Visible" library="SeleniumLibrary">
<arg>locator=${Email_form}</arg>
<doc>Waits until the element ``locator`` is visible.</doc>
<status status="PASS" starttime="20240513 20:39:00.461" endtime="20240513 20:39:00.520"/>
</kw>
<kw name="Input Text" library="SeleniumLibrary">
<arg>locator=${Email_form}</arg>
<arg>text=${mail}</arg>
<doc>Types the given ``text`` into the text field identified by ``locator``.</doc>
<msg timestamp="20240513 20:39:00.522" level="INFO">Typing text 'phnweott@hotmail.com' into text field '//input[contains(@name,'mail')]'.</msg>
<status status="PASS" starttime="20240513 20:39:00.520" endtime="20240513 20:39:00.832"/>
</kw>
<status status="PASS" starttime="20240513 20:39:00.452" endtime="20240513 20:39:00.832"/>
</kw>
<kw name="Passo 10 - Digitar perfil de acesso" library="front">
<kw name="Wait Until Element Is Visible" library="SeleniumLibrary">
<arg>locator=${Perfil_Acesso_form}</arg>
<doc>Waits until the element ``locator`` is visible.</doc>
<status status="PASS" starttime="20240513 20:39:00.842" endtime="20240513 20:39:00.913"/>
</kw>
<kw name="Input Text" library="SeleniumLibrary">
<arg>locator=${Perfil_Acesso_form}</arg>
<arg>text=admin</arg>
<doc>Types the given ``text`` into the text field identified by ``locator``.</doc>
<msg timestamp="20240513 20:39:00.915" level="INFO">Typing text 'admin' into text field '//input[contains(@name,'accessProfile')]'.</msg>
<status status="PASS" starttime="20240513 20:39:00.914" endtime="20240513 20:39:01.079"/>
</kw>
<status status="PASS" starttime="20240513 20:39:00.840" endtime="20240513 20:39:01.079"/>
</kw>
<kw name="Passo 11 - Digitar CPF" library="front">
<kw name="Generate Random String" library="String">
<var>${cpf_randomico}</var>
<arg>11</arg>
<arg>chars=[NUMBERS]</arg>
<doc>Generates a string with a desired ``length`` from the given ``chars``.</doc>
<msg timestamp="20240513 20:39:01.080" level="INFO">${cpf_randomico} = 43833431554</msg>
<status status="PASS" starttime="20240513 20:39:01.080" endtime="20240513 20:39:01.080"/>
</kw>
<kw name="Set Test Variable" library="BuiltIn">
<arg>${CPF}</arg>
<arg>${cpf_randomico}</arg>
<doc>Makes a variable available everywhere within the scope of the current test.</doc>
<msg timestamp="20240513 20:39:01.082" level="INFO">${CPF} = 43833431554</msg>
<status status="PASS" starttime="20240513 20:39:01.080" endtime="20240513 20:39:01.082"/>
</kw>
<kw name="Log" library="BuiltIn">
<arg>${CPF}</arg>
<doc>Logs the given message with the given level.</doc>
<msg timestamp="20240513 20:39:01.082" level="INFO">43833431554</msg>
<status status="PASS" starttime="20240513 20:39:01.082" endtime="20240513 20:39:01.082"/>
</kw>
<kw name="Wait Until Element Is Visible" library="SeleniumLibrary">
<arg>locator=${CPF_form}</arg>
<doc>Waits until the element ``locator`` is visible.</doc>
<status status="PASS" starttime="20240513 20:39:01.082" endtime="20240513 20:39:01.135"/>
</kw>
<kw name="Input Text" library="SeleniumLibrary">
<arg>locator=${CPF_form}</arg>
<arg>text=${CPF}</arg>
<doc>Types the given ``text`` into the text field identified by ``locator``.</doc>
<msg timestamp="20240513 20:39:01.137" level="INFO">Typing text '43833431554' into text field '//input[contains(@name,'cpf')]'.</msg>
<status status="PASS" starttime="20240513 20:39:01.135" endtime="20240513 20:39:01.362"/>
</kw>
<status status="PASS" starttime="20240513 20:39:01.079" endtime="20240513 20:39:01.362"/>
</kw>
<kw name="Passo 12 - Digitar senha" library="front">
<kw name="Wait Until Element Is Visible" library="SeleniumLibrary">
<arg>locator=${password_form}</arg>
<doc>Waits until the element ``locator`` is visible.</doc>
<status status="PASS" starttime="20240513 20:39:01.364" endtime="20240513 20:39:01.443"/>
</kw>
<kw name="Input Password" library="SeleniumLibrary">
<arg>locator=${password_form}</arg>
<arg>password=1234@Ttest</arg>
<doc>Types the given password into the text field identified by ``locator``.</doc>
<msg timestamp="20240513 20:39:01.444" level="INFO">Typing password into text field '//input[contains(@name,'password')]'.</msg>
<msg timestamp="20240513 20:39:01.526" level="INFO">Temporally setting log level to: NONE</msg>
<msg timestamp="20240513 20:39:01.684" level="INFO">Log level changed from NONE to INFO.</msg>
<status status="PASS" starttime="20240513 20:39:01.443" endtime="20240513 20:39:01.684"/>
</kw>
<status status="PASS" starttime="20240513 20:39:01.363" endtime="20240513 20:39:01.684"/>
</kw>
<kw name="Passo 13 - Digitar confirmar senha" library="front">
<kw name="Wait Until Element Is Visible" library="SeleniumLibrary">
<arg>locator=${confirmarSenha_form}</arg>
<doc>Waits until the element ``locator`` is visible.</doc>
<status status="PASS" starttime="20240513 20:39:01.685" endtime="20240513 20:39:01.726"/>
</kw>
<kw name="Input Password" library="SeleniumLibrary">
<arg>locator=${confirmarSenha_form}</arg>
<arg>password=1234@Ttest</arg>
<doc>Types the given password into the text field identified by ``locator``.</doc>
<msg timestamp="20240513 20:39:01.727" level="INFO">Typing password into text field '//input[contains(@name,'password')]'.</msg>
<msg timestamp="20240513 20:39:01.801" level="INFO">Temporally setting log level to: NONE</msg>
<msg timestamp="20240513 20:39:01.918" level="INFO">Log level changed from NONE to INFO.</msg>
<status status="PASS" starttime="20240513 20:39:01.726" endtime="20240513 20:39:01.918"/>
</kw>
<status status="PASS" starttime="20240513 20:39:01.685" endtime="20240513 20:39:01.918"/>
</kw>
<kw name="Passo 14 - Clicar no Salvar Novo" library="front">
<kw name="Wait Until Element Is Visible" library="SeleniumLibrary">
<arg>locator=${ButtonSalvar_fomr}</arg>
<doc>Waits until the element ``locator`` is visible.</doc>
<status status="PASS" starttime="20240513 20:39:01.920" endtime="20240513 20:39:01.965"/>
</kw>
<kw name="Click Button" library="SeleniumLibrary">
<arg>locator=${ButtonSalvar_fomr}</arg>
<doc>Clicks the button identified by ``locator``.</doc>
<msg timestamp="20240513 20:39:01.966" level="INFO">Clicking button '//button[@type='submit'][contains(.,'SALVAR NOVO')]'.</msg>
<status status="PASS" starttime="20240513 20:39:01.966" endtime="20240513 20:39:02.115"/>
</kw>
<status status="PASS" starttime="20240513 20:39:01.919" endtime="20240513 20:39:02.115"/>
</kw>
<kw name="Fechar o navegador" library="front" type="TEARDOWN">
<kw name="Close Browser" library="SeleniumLibrary">
<doc>Closes the current browser.</doc>
<status status="PASS" starttime="20240513 20:39:02.117" endtime="20240513 20:39:05.095"/>
</kw>
<status status="PASS" starttime="20240513 20:39:02.116" endtime="20240513 20:39:05.095"/>
</kw>
<status status="PASS" starttime="20240513 20:38:53.043" endtime="20240513 20:39:05.096"/>
</test>
<test id="s1-s1-t2" name="03- Cadastro de Diretoria" line="25">
<kw name="Abrir o navegador" library="front" type="SETUP">
<kw name="Open Browser" library="SeleniumLibrary">
<arg>browser=chrome</arg>
<doc>Opens a new browser instance to the optional ``url``.</doc>
<msg timestamp="20240513 20:39:05.098" level="INFO">Opening browser 'chrome' to base url 'None'.</msg>
<status status="PASS" starttime="20240513 20:39:05.098" endtime="20240513 20:39:08.647"/>
</kw>
<kw name="Maximize Browser Window" library="SeleniumLibrary">
<doc>Maximizes current browser window.</doc>
<status status="PASS" starttime="20240513 20:39:08.648" endtime="20240513 20:39:08.701"/>
</kw>
<status status="PASS" starttime="20240513 20:39:05.098" endtime="20240513 20:39:08.701"/>
</kw>
<kw name="Passo 1 - Acessar a pagina de login Academy" library="front">
<kw name="Go To" library="SeleniumLibrary">
<arg>url=${URL}</arg>
<doc>Navigates the current browser window to the provided ``url``.</doc>
<msg timestamp="20240513 20:39:08.702" level="INFO">Opening url 'https://automacao.qacoders-academy.com.br/login'</msg>
<status status="PASS" starttime="20240513 20:39:08.702" endtime="20240513 20:39:09.355"/>
</kw>
<status status="PASS" starttime="20240513 20:39:08.701" endtime="20240513 20:39:09.355"/>
</kw>
<kw name="Passo 2 - Digitar o email" library="front">
<kw name="Wait Until Element Is Visible" library="SeleniumLibrary">
<arg>locator=${email}</arg>
<doc>Waits until the element ``locator`` is visible.</doc>
<status status="PASS" starttime="20240513 20:39:09.358" endtime="20240513 20:39:09.472"/>
</kw>
<kw name="Input Text" library="SeleniumLibrary">
<arg>locator=${email}</arg>
<arg>text=sysadmin@qacoders.com</arg>
<doc>Types the given ``text`` into the text field identified by ``locator``.</doc>
<msg timestamp="20240513 20:39:09.473" level="INFO">Typing text 'sysadmin@qacoders.com' into text field '//input[@id='email']'.</msg>
<status status="PASS" starttime="20240513 20:39:09.472" endtime="20240513 20:39:09.776"/>
</kw>
<status status="PASS" starttime="20240513 20:39:09.358" endtime="20240513 20:39:09.776"/>
</kw>
<kw name="Passo 3 - Digitar a senha" library="front">
<kw name="Wait Until Element Is Visible" library="SeleniumLibrary">
<arg>locator=${password}</arg>
<doc>Waits until the element ``locator`` is visible.</doc>
<status status="PASS" starttime="20240513 20:39:09.777" endtime="20240513 20:39:09.807"/>
</kw>
<kw name="Input Password" library="SeleniumLibrary">
<arg>locator=${password}</arg>
<arg>password=1234@Test</arg>
<doc>Types the given password into the text field identified by ``locator``.</doc>
<msg timestamp="20240513 20:39:09.808" level="INFO">Typing password into text field '//input[@id='password']'.</msg>
<msg timestamp="20240513 20:39:09.855" level="INFO">Temporally setting log level to: NONE</msg>
<msg timestamp="20240513 20:39:09.933" level="INFO">Log level changed from NONE to INFO.</msg>
<status status="PASS" starttime="20240513 20:39:09.807" endtime="20240513 20:39:09.933"/>
</kw>
<status status="PASS" starttime="20240513 20:39:09.777" endtime="20240513 20:39:09.934"/>
</kw>
<kw name="Passo 4 - Clicar em Entrar" library="front">
<kw name="Wait Until Element Is Visible" library="SeleniumLibrary">
<arg>locator=${ButtonEntrar}</arg>
<doc>Waits until the element ``locator`` is visible.</doc>
<status status="PASS" starttime="20240513 20:39:09.934" endtime="20240513 20:39:09.964"/>
</kw>
<kw name="Click Button" library="SeleniumLibrary">
<arg>locator=${ButtonEntrar}</arg>
<doc>Clicks the button identified by ``locator``.</doc>
<msg timestamp="20240513 20:39:09.965" level="INFO">Clicking button '//button[contains(@id,'login')]'.</msg>
<status status="PASS" starttime="20240513 20:39:09.965" endtime="20240513 20:39:10.066"/>
</kw>
<status status="PASS" starttime="20240513 20:39:09.934" endtime="20240513 20:39:10.066"/>
</kw>
<kw name="Passo 5 - Clicar em Cadastro" library="front">
<kw name="Wait Until Element Is Visible" library="SeleniumLibrary">
<arg>locator=${Cadastro}</arg>
<doc>Waits until the element ``locator`` is visible.</doc>
<msg timestamp="20240513 20:39:10.520" level="INFO">Suppressing StaleElementReferenceException from Selenium.</msg>
<status status="PASS" starttime="20240513 20:39:10.067" endtime="20240513 20:39:10.739"/>
</kw>
<kw name="Click Element" library="SeleniumLibrary">
<arg>locator=${Cadastro}</arg>
<doc>Click the element identified by ``locator``.</doc>
<msg timestamp="20240513 20:39:10.740" level="INFO">Clicking element '//div[contains(@id,'Cadastros')]'.</msg>
<status status="PASS" starttime="20240513 20:39:10.739" endtime="20240513 20:39:10.812"/>
</kw>
<status status="PASS" starttime="20240513 20:39:10.067" endtime="20240513 20:39:10.812"/>
</kw>
<kw name="Passo 15 - Clicar em Diretoria" library="front">
<kw name="Wait Until Element Is Visible" library="SeleniumLibrary">
<arg>locator=${Diretoria}</arg>
<doc>Waits until the element ``locator`` is visible.</doc>
<status status="PASS" starttime="20240513 20:39:10.813" endtime="20240513 20:39:10.849"/>
</kw>
<kw name="Click Element" library="SeleniumLibrary">
<arg>locator=${Diretoria}</arg>
<doc>Click the element identified by ``locator``.</doc>
<msg timestamp="20240513 20:39:10.850" level="INFO">Clicking element '//span[@class='MuiTypography-root MuiTypography-body1 MuiListItemText-primary css-yb0lig'][contains(.,'Diretorias')]'.</msg>
<status status="PASS" starttime="20240513 20:39:10.849" endtime="20240513 20:39:10.926"/>
</kw>
<status status="PASS" starttime="20240513 20:39:10.813" endtime="20240513 20:39:10.926"/>
</kw>
<kw name="Passo 16 - Clicar em Novo Cadastro da Diretoria" library="front">
<kw name="Wait Until Element Is Visible" library="SeleniumLibrary">
<arg>locator=${NovoCadastro_Diretoria}</arg>
<doc>Waits until the element ``locator`` is visible.</doc>
<status status="PASS" starttime="20240513 20:39:10.926" endtime="20240513 20:39:11.192"/>
</kw>
<kw name="Click Element" library="SeleniumLibrary">
<arg>locator=${NovoCadastro_Diretoria}</arg>
<doc>Click the element identified by ``locator``.</doc>
<msg timestamp="20240513 20:39:11.192" level="INFO">Clicking element '//button[@class='css-fvzsut'][contains(.,'Novo Cadastro')]'.</msg>
<status status="PASS" starttime="20240513 20:39:11.192" endtime="20240513 20:39:11.276"/>
</kw>
<status status="PASS" starttime="20240513 20:39:10.926" endtime="20240513 20:39:11.276"/>
</kw>
<kw name="Passo 17- Clicar em Nome Diretoria" library="front">
<kw name="Generate Random String" library="String">
<var>${palavra_randomica}</var>
<arg>8</arg>
<arg>chars=[LETTERS]</arg>
<doc>Generates a string with a desired ``length`` from the given ``chars``.</doc>
<msg timestamp="20240513 20:39:11.277" level="INFO">${palavra_randomica} = yTSvudcY</msg>
<status status="PASS" starttime="20240513 20:39:11.277" endtime="20240513 20:39:11.277"/>
</kw>
<kw name="Convert To Lower Case" library="String">
<var>${palavra_randomica}</var>
<arg>${palavra_randomica}</arg>
<doc>Converts string to lower case.</doc>
<msg timestamp="20240513 20:39:11.278" level="INFO">${palavra_randomica} = ytsvudcy</msg>
<status status="PASS" starttime="20240513 20:39:11.278" endtime="20240513 20:39:11.278"/>
</kw>
<kw name="Set Test Variable" library="BuiltIn">
<arg>${diretoria}</arg>
<arg>${palavra_randomica}</arg>
<doc>Makes a variable available everywhere within the scope of the current test.</doc>
<msg timestamp="20240513 20:39:11.279" level="INFO">${diretoria} = ytsvudcy</msg>
<status status="PASS" starttime="20240513 20:39:11.278" endtime="20240513 20:39:11.279"/>
</kw>
<kw name="Log" library="BuiltIn">
<arg>${diretoria}</arg>
<doc>Logs the given message with the given level.</doc>
<msg timestamp="20240513 20:39:11.280" level="INFO">ytsvudcy</msg>
<status status="PASS" starttime="20240513 20:39:11.280" endtime="20240513 20:39:11.280"/>
</kw>
<kw name="Wait Until Element Is Visible" library="SeleniumLibrary">
<arg>locator=${NomeDiretoria}</arg>
<doc>Waits until the element ``locator`` is visible.</doc>
<status status="PASS" starttime="20240513 20:39:11.280" endtime="20240513 20:39:11.325"/>
</kw>
<kw name="Input Text" library="SeleniumLibrary">
<arg>locator=${NomeDiretoria}</arg>
<arg>text=${diretoria}</arg>
<doc>Types the given ``text`` into the text field identified by ``locator``.</doc>
<msg timestamp="20240513 20:39:11.326" level="INFO">Typing text 'ytsvudcy' into text field '//input[contains(@class,'MuiInputBase-input MuiInput-input css-mnn31')]'.</msg>
<status status="PASS" starttime="20240513 20:39:11.325" endtime="20240513 20:39:11.611"/>
</kw>
<status status="PASS" starttime="20240513 20:39:11.277" endtime="20240513 20:39:11.612"/>
</kw>
<kw name="Passo 18- Clicar no Botao Salvar Diretoria" library="front">
<kw name="Wait Until Element Is Visible" library="SeleniumLibrary">
<arg>locator=${Button_Salvar_Diretoria}</arg>
<doc>Waits until the element ``locator`` is visible.</doc>
<status status="PASS" starttime="20240513 20:39:11.630" endtime="20240513 20:39:11.725"/>
</kw>
<kw name="Click Button" library="SeleniumLibrary">
<arg>locator=${Button_Salvar_Diretoria}</arg>
<doc>Clicks the button identified by ``locator``.</doc>
<msg timestamp="20240513 20:39:11.728" level="INFO">Clicking button '//button[@type='submit'][contains(.,'SALVAR NOVO')]'.</msg>
<status status="PASS" starttime="20240513 20:39:11.726" endtime="20240513 20:39:11.859"/>
</kw>
<status status="PASS" starttime="20240513 20:39:11.630" endtime="20240513 20:39:11.859"/>
</kw>
<kw name="Passo 19- Clicar no Botao Editar" library="front">
<kw name="Wait Until Element Is Visible" library="SeleniumLibrary">
<arg>locator=${Button_Editar}</arg>
<doc>Waits until the element ``locator`` is visible.</doc>
<status status="PASS" starttime="20240513 20:39:11.861" endtime="20240513 20:39:11.907"/>
</kw>
<kw name="Click Button" library="SeleniumLibrary">
<arg>locator=${Button_Editar}</arg>
<doc>Clicks the button identified by ``locator``.</doc>
<msg timestamp="20240513 20:39:11.908" level="INFO">Clicking button '(//button[contains(@id,'edit')])[1]'.</msg>
<status status="PASS" starttime="20240513 20:39:11.907" endtime="20240513 20:39:12.097"/>
</kw>
<status status="PASS" starttime="20240513 20:39:11.860" endtime="20240513 20:39:12.097"/>
</kw>
<kw name="Passo 20- Editar o nome da diretoria" library="front">
<kw name="Generate Random String" library="String">
<var>${palavra_randomica}</var>
<arg>8</arg>
<arg>chars=[LETTERS]</arg>
<doc>Generates a string with a desired ``length`` from the given ``chars``.</doc>
<msg timestamp="20240513 20:39:12.099" level="INFO">${palavra_randomica} = mpmXWmtR</msg>
<status status="PASS" starttime="20240513 20:39:12.098" endtime="20240513 20:39:12.099"/>
</kw>
<kw name="Convert To Lower Case" library="String">
<var>${palavra_randomica}</var>
<arg>${palavra_randomica}</arg>
<doc>Converts string to lower case.</doc>
<msg timestamp="20240513 20:39:12.100" level="INFO">${palavra_randomica} = mpmxwmtr</msg>
<status status="PASS" starttime="20240513 20:39:12.100" endtime="20240513 20:39:12.100"/>
</kw>
<kw name="Set Test Variable" library="BuiltIn">
<arg>${diretoria&amp;}</arg>
<arg>${palavra_randomica}</arg>
<doc>Makes a variable available everywhere within the scope of the current test.</doc>
<msg timestamp="20240513 20:39:12.102" level="INFO">${diretoria&amp;} = mpmxwmtr</msg>
<status status="PASS" starttime="20240513 20:39:12.100" endtime="20240513 20:39:12.102"/>
</kw>
<kw name="Log" library="BuiltIn">
<arg>${diretoria&amp;}</arg>
<doc>Logs the given message with the given level.</doc>
<msg timestamp="20240513 20:39:12.103" level="INFO">mpmxwmtr</msg>
<status status="PASS" starttime="20240513 20:39:12.103" endtime="20240513 20:39:12.103"/>
</kw>
<kw name="Wait Until Element Is Visible" library="SeleniumLibrary">
<arg>locator=${NomeEditar}</arg>
<doc>Waits until the element ``locator`` is visible.</doc>
<status status="PASS" starttime="20240513 20:39:12.103" endtime="20240513 20:39:12.141"/>
</kw>
<kw name="Input Text" library="SeleniumLibrary">
<arg>locator=${NomeEditar}</arg>
<arg>text=${diretoria&amp;}</arg>
<doc>Types the given ``text`` into the text field identified by ``locator``.</doc>
<msg timestamp="20240513 20:39:12.142" level="INFO">Typing text 'mpmxwmtr' into text field '//input[contains(@class,'MuiInputBase-input MuiInput-input css-mnn31')]'.</msg>
<status status="PASS" starttime="20240513 20:39:12.141" endtime="20240513 20:39:12.519"/>
</kw>
<status status="PASS" starttime="20240513 20:39:12.098" endtime="20240513 20:39:12.519"/>
</kw>
<kw name="Passo 21- Clicar botão salvar alterações" library="front">
<kw name="Wait Until Element Is Visible" library="SeleniumLibrary">
<arg>locator=${ButtonSalvar_Alteracoes}</arg>
<doc>Waits until the element ``locator`` is visible.</doc>
<status status="PASS" starttime="20240513 20:39:12.532" endtime="20240513 20:39:12.618"/>
</kw>
<kw name="Click Button" library="SeleniumLibrary">
<arg>locator=${ButtonSalvar_Alteracoes}</arg>
<doc>Clicks the button identified by ``locator``.</doc>
<msg timestamp="20240513 20:39:12.620" level="INFO">Clicking button '//button[@type='submit'][contains(.,'SALVAR ALTERAÇOES')]'.</msg>
<status status="PASS" starttime="20240513 20:39:12.619" endtime="20240513 20:39:12.699"/>
</kw>
<status status="PASS" starttime="20240513 20:39:12.531" endtime="20240513 20:39:12.699"/>
</kw>
<kw name="Fechar o navegador" library="front" type="TEARDOWN">
<kw name="Close Browser" library="SeleniumLibrary">
<doc>Closes the current browser.</doc>
<status status="PASS" starttime="20240513 20:39:12.702" endtime="20240513 20:39:15.899"/>
</kw>
<status status="PASS" starttime="20240513 20:39:12.701" endtime="20240513 20:39:15.899"/>
</kw>
<status status="PASS" starttime="20240513 20:39:05.097" endtime="20240513 20:39:15.901"/>
</test>
<status status="PASS" starttime="20240513 20:38:52.737" endtime="20240513 20:39:15.904"/>
</suite>
<suite id="s1-s2" name="Login" source="D:\ProjetoAutomacaoAcademy\tests\login.robot">
<test id="s1-s2-t1" name="01 - login de acesso" line="10">
<kw name="Abrir o navegador" library="front" type="SETUP">
<kw name="Open Browser" library="SeleniumLibrary">
<arg>browser=chrome</arg>
<doc>Opens a new browser instance to the optional ``url``.</doc>
<msg timestamp="20240513 20:39:15.924" level="INFO">Opening browser 'chrome' to base url 'None'.</msg>
<status status="PASS" starttime="20240513 20:39:15.924" endtime="20240513 20:39:19.425"/>
</kw>
<kw name="Maximize Browser Window" library="SeleniumLibrary">
<doc>Maximizes current browser window.</doc>
<status status="PASS" starttime="20240513 20:39:19.425" endtime="20240513 20:39:19.499"/>
</kw>
<status status="PASS" starttime="20240513 20:39:15.924" endtime="20240513 20:39:19.500"/>
</kw>
<kw name="Passo 1 - Acessar a pagina de login Academy" library="front">
<kw name="Go To" library="SeleniumLibrary">
<arg>url=${URL}</arg>
<doc>Navigates the current browser window to the provided ``url``.</doc>
<msg timestamp="20240513 20:39:19.505" level="INFO">Opening url 'https://automacao.qacoders-academy.com.br/login'</msg>
<status status="PASS" starttime="20240513 20:39:19.505" endtime="20240513 20:39:20.123"/>
</kw>
<status status="PASS" starttime="20240513 20:39:19.504" endtime="20240513 20:39:20.123"/>
</kw>
<kw name="Passo 2 - Digitar o email" library="front">
<kw name="Wait Until Element Is Visible" library="SeleniumLibrary">
<arg>locator=${email}</arg>
<doc>Waits until the element ``locator`` is visible.</doc>
<status status="PASS" starttime="20240513 20:39:20.138" endtime="20240513 20:39:20.271"/>
</kw>
<kw name="Input Text" library="SeleniumLibrary">
<arg>locator=${email}</arg>
<arg>text=sysadmin@qacoders.com</arg>
<doc>Types the given ``text`` into the text field identified by ``locator``.</doc>
<msg timestamp="20240513 20:39:20.272" level="INFO">Typing text 'sysadmin@qacoders.com' into text field '//input[@id='email']'.</msg>
<status status="PASS" starttime="20240513 20:39:20.271" endtime="20240513 20:39:20.605"/>
</kw>
<status status="PASS" starttime="20240513 20:39:20.138" endtime="20240513 20:39:20.606"/>
</kw>
<kw name="Passo 3 - Digitar a senha" library="front">
<kw name="Wait Until Element Is Visible" library="SeleniumLibrary">
<arg>locator=${password}</arg>
<doc>Waits until the element ``locator`` is visible.</doc>
<status status="PASS" starttime="20240513 20:39:20.607" endtime="20240513 20:39:20.657"/>
</kw>
<kw name="Input Password" library="SeleniumLibrary">
<arg>locator=${password}</arg>
<arg>password=1234@Test</arg>
<doc>Types the given password into the text field identified by ``locator``.</doc>
<msg timestamp="20240513 20:39:20.659" level="INFO">Typing password into text field '//input[@id='password']'.</msg>
<msg timestamp="20240513 20:39:20.710" level="INFO">Temporally setting log level to: NONE</msg>
<msg timestamp="20240513 20:39:20.794" level="INFO">Log level changed from NONE to INFO.</msg>
<status status="PASS" starttime="20240513 20:39:20.657" endtime="20240513 20:39:20.795"/>
</kw>
<status status="PASS" starttime="20240513 20:39:20.606" endtime="20240513 20:39:20.795"/>
</kw>
<kw name="Passo 4 - Clicar em Entrar" library="front">
<kw name="Wait Until Element Is Visible" library="SeleniumLibrary">
<arg>locator=${ButtonEntrar}</arg>
<doc>Waits until the element ``locator`` is visible.</doc>
<status status="PASS" starttime="20240513 20:39:20.795" endtime="20240513 20:39:20.826"/>
</kw>
<kw name="Click Button" library="SeleniumLibrary">
<arg>locator=${ButtonEntrar}</arg>
<doc>Clicks the button identified by ``locator``.</doc>
<msg timestamp="20240513 20:39:20.827" level="INFO">Clicking button '//button[contains(@id,'login')]'.</msg>
<status status="PASS" starttime="20240513 20:39:20.826" endtime="20240513 20:39:20.921"/>
</kw>
<status status="PASS" starttime="20240513 20:39:20.795" endtime="20240513 20:39:20.921"/>
</kw>
<kw name="Fechar o navegador" library="front" type="TEARDOWN">
<kw name="Close Browser" library="SeleniumLibrary">
<doc>Closes the current browser.</doc>
<status status="PASS" starttime="20240513 20:39:20.922" endtime="20240513 20:39:23.714"/>
</kw>
<status status="PASS" starttime="20240513 20:39:20.922" endtime="20240513 20:39:23.714"/>
</kw>
<status status="PASS" starttime="20240513 20:39:15.923" endtime="20240513 20:39:23.715"/>
</test>
<status status="PASS" starttime="20240513 20:39:15.907" endtime="20240513 20:39:23.716"/>
</suite>
<status status="PASS" starttime="20240513 20:38:52.712" endtime="20240513 20:39:23.718"/>
</suite>
<statistics>
<total>
<stat pass="3" fail="0" skip="0">All Tests</stat>
</total>
<tag>
</tag>
<suite>
<stat pass="3" fail="0" skip="0" id="s1" name="Tests">Tests</stat>
<stat pass="2" fail="0" skip="0" id="s1-s1" name="cadastroUsuario">Tests.cadastroUsuario</stat>
<stat pass="1" fail="0" skip="0" id="s1-s2" name="Login">Tests.Login</stat>
</suite>
</statistics>
<errors>
</errors>
</robot>
