<?xml version="1.0" encoding="UTF-8"?>
<robot generator="Robot 6.1.1 (Python 3.12.2 on win32)" generated="20240513 21:55:35.628" rpa="false" schemaversion="4">
<suite id="s1" name="Tests" source="D:\ProjetoAutomacaoAcademy\tests">
<suite id="s1-s1" name="cadastroUsuario" source="D:\ProjetoAutomacaoAcademy\tests\cadastroUsuario.robot">
<test id="s1-s1-t1" name="02- Cadastro de usuario" line="10">
<kw name="Abrir o navegador" library="front" type="SETUP">
<kw name="Open Browser" library="SeleniumLibrary">
<arg>browser=headlesschrome</arg>
<doc>Opens a new browser instance to the optional ``url``.</doc>
<msg timestamp="20240513 21:55:35.975" level="INFO">Opening browser 'headlesschrome' to base url 'None'.</msg>
<status status="PASS" starttime="20240513 21:55:35.975" endtime="20240513 21:55:39.389"/>
</kw>
<kw name="Maximize Browser Window" library="SeleniumLibrary">
<doc>Maximizes current browser window.</doc>
<status status="PASS" starttime="20240513 21:55:39.389" endtime="20240513 21:55:39.512"/>
</kw>
<status status="PASS" starttime="20240513 21:55:35.975" endtime="20240513 21:55:39.512"/>
</kw>
<kw name="Passo 1 - Acessar a pagina de login Academy" library="front">
<kw name="Go To" library="SeleniumLibrary">
<arg>url=${URL}</arg>
<doc>Navigates the current browser window to the provided ``url``.</doc>
<msg timestamp="20240513 21:55:39.513" level="INFO">Opening url 'https://automacao.qacoders-academy.com.br/login'</msg>
<status status="PASS" starttime="20240513 21:55:39.513" endtime="20240513 21:55:40.919"/>
</kw>
<status status="PASS" starttime="20240513 21:55:39.513" endtime="20240513 21:55:40.919"/>
</kw>
<kw name="Passo 2 - Digitar o email" library="front">
<kw name="Wait Until Element Is Visible" library="SeleniumLibrary">
<arg>locator=${email}</arg>
<doc>Waits until the element ``locator`` is visible.</doc>
<status status="PASS" starttime="20240513 21:55:40.920" endtime="20240513 21:55:40.967"/>
</kw>
<kw name="Input Text" library="SeleniumLibrary">
<arg>locator=${email}</arg>
<arg>text=sysadmin@qacoders.com</arg>
<doc>Types the given ``text`` into the text field identified by ``locator``.</doc>
<msg timestamp="20240513 21:55:40.969" level="INFO">Typing text 'sysadmin@qacoders.com' into text field '//input[@id='email']'.</msg>
<status status="PASS" starttime="20240513 21:55:40.968" endtime="20240513 21:55:41.201"/>
</kw>
<status status="PASS" starttime="20240513 21:55:40.920" endtime="20240513 21:55:41.201"/>
</kw>
<kw name="Passo 3 - Digitar a senha" library="front">
<kw name="Wait Until Element Is Visible" library="SeleniumLibrary">
<arg>locator=${password}</arg>
<doc>Waits until the element ``locator`` is visible.</doc>
<status status="PASS" starttime="20240513 21:55:41.202" endtime="20240513 21:55:41.235"/>
</kw>
<kw name="Input Password" library="SeleniumLibrary">
<arg>locator=${password}</arg>
<arg>password=1234@Test</arg>
<doc>Types the given password into the text field identified by ``locator``.</doc>
<msg timestamp="20240513 21:55:41.236" level="INFO">Typing password into text field '//input[@id='password']'.</msg>
<msg timestamp="20240513 21:55:41.282" level="INFO">Temporally setting log level to: NONE</msg>
<msg timestamp="20240513 21:55:41.356" level="INFO">Log level changed from NONE to INFO.</msg>
<status status="PASS" starttime="20240513 21:55:41.235" endtime="20240513 21:55:41.356"/>
</kw>
<status status="PASS" starttime="20240513 21:55:41.201" endtime="20240513 21:55:41.356"/>
</kw>
<kw name="Passo 4 - Clicar em Entrar" library="front">
<kw name="Wait Until Element Is Visible" library="SeleniumLibrary">
<arg>locator=${ButtonEntrar}</arg>
<doc>Waits until the element ``locator`` is visible.</doc>
<status status="PASS" starttime="20240513 21:55:41.357" endtime="20240513 21:55:41.386"/>
</kw>
<kw name="Click Button" library="SeleniumLibrary">
<arg>locator=${ButtonEntrar}</arg>
<doc>Clicks the button identified by ``locator``.</doc>
<msg timestamp="20240513 21:55:41.387" level="INFO">Clicking button '//button[contains(@id,'login')]'.</msg>
<status status="PASS" starttime="20240513 21:55:41.386" endtime="20240513 21:55:41.493"/>
</kw>
<kw name="Sleep" library="BuiltIn">
<arg>3s</arg>
<doc>Pauses the test executed for the given time.</doc>
<msg timestamp="20240513 21:55:44.493" level="INFO">Slept 3 seconds</msg>
<status status="PASS" starttime="20240513 21:55:41.493" endtime="20240513 21:55:44.493"/>
</kw>
<status status="PASS" starttime="20240513 21:55:41.356" endtime="20240513 21:55:44.493"/>
</kw>
<kw name="Passo 5 - Clicar em Cadastro" library="front">
<kw name="Wait Until Element Is Visible" library="SeleniumLibrary">
<arg>locator=${Cadastro}</arg>
<doc>Waits until the element ``locator`` is visible.</doc>
<status status="PASS" starttime="20240513 21:55:44.495" endtime="20240513 21:55:44.534"/>
</kw>
<kw name="Click Element" library="SeleniumLibrary">
<arg>locator=${Cadastro}</arg>
<doc>Click the element identified by ``locator``.</doc>
<msg timestamp="20240513 21:55:44.535" level="INFO">Clicking element '//div[contains(@id,'Cadastros')]'.</msg>
<status status="PASS" starttime="20240513 21:55:44.535" endtime="20240513 21:55:44.590"/>
</kw>
<status status="PASS" starttime="20240513 21:55:44.494" endtime="20240513 21:55:44.590"/>
</kw>
<kw name="Passo 6 - Clicar em Usuarios" library="front">
<kw name="Wait Until Element Is Visible" library="SeleniumLibrary">
<arg>locator=${usuarios}</arg>
<doc>Waits until the element ``locator`` is visible.</doc>
<status status="PASS" starttime="20240513 21:55:44.594" endtime="20240513 21:55:44.621"/>
</kw>
<kw name="Click Element" library="SeleniumLibrary">
<arg>locator=${usuarios}</arg>
<doc>Click the element identified by ``locator``.</doc>
<msg timestamp="20240513 21:55:44.622" level="INFO">Clicking element '//span[@class='MuiTypography-root MuiTypography-body1 MuiListItemText-primary css-yb0lig'][contains(.,'Usuários')]'.</msg>
<status status="PASS" starttime="20240513 21:55:44.621" endtime="20240513 21:55:44.750"/>
</kw>
<status status="PASS" starttime="20240513 21:55:44.593" endtime="20240513 21:55:44.751"/>
</kw>
<kw name="Passo 7 - Clicar em Novo Cadastro" library="front">
<kw name="Wait Until Element Is Visible" library="SeleniumLibrary">
<arg>locator=${NovoCadastro}</arg>
<doc>Waits until the element ``locator`` is visible.</doc>
<status status="PASS" starttime="20240513 21:55:44.753" endtime="20240513 21:55:44.862"/>
</kw>
<kw name="Click Button" library="SeleniumLibrary">
<arg>locator=${NovoCadastro}</arg>
<doc>Clicks the button identified by ``locator``.</doc>
<msg timestamp="20240513 21:55:44.864" level="INFO">Clicking button '//button[@class='css-fvzsut'][contains(.,'Novo Cadastro')]'.</msg>
<status status="PASS" starttime="20240513 21:55:44.863" endtime="20240513 21:55:44.969"/>
</kw>
<status status="PASS" starttime="20240513 21:55:44.753" endtime="20240513 21:55:44.969"/>
</kw>
<kw name=" Passo 8 - Digitar nome completo" library="front">
<kw name="Wait Until Element Is Visible" library="SeleniumLibrary">
<arg>locator=${NomeCompleto_form}</arg>
<doc>Waits until the element ``locator`` is visible.</doc>
<status status="PASS" starttime="20240513 21:55:44.970" endtime="20240513 21:55:45.093"/>
</kw>
<kw name="Input Text" library="SeleniumLibrary">
<arg>locator=${NomeCompleto_form}</arg>
<arg>text=teste teste</arg>
<doc>Types the given ``text`` into the text field identified by ``locator``.</doc>
<msg timestamp="20240513 21:55:45.095" level="INFO">Typing text 'teste teste' into text field '//input[contains(@name,'fullName')]'.</msg>
<status status="PASS" starttime="20240513 21:55:45.094" endtime="20240513 21:55:45.416"/>
</kw>
<status status="PASS" starttime="20240513 21:55:44.970" endtime="20240513 21:55:45.417"/>
</kw>
<kw name="Passo 9 - Digitar e-mail" library="front">
<kw name="Generate Random String" library="String">
<var>${palavra_randomica}</var>
<arg>8</arg>
<arg>chars=[LETTERS]</arg>
<doc>Generates a string with a desired ``length`` from the given ``chars``.</doc>
<msg timestamp="20240513 21:55:45.418" level="INFO">${palavra_randomica} = AuHMWtKM</msg>
<status status="PASS" starttime="20240513 21:55:45.418" endtime="20240513 21:55:45.419"/>
</kw>
<kw name="Convert To Lower Case" library="String">
<var>${palavra_randomica}</var>
<arg>${palavra_randomica}</arg>
<doc>Converts string to lower case.</doc>
<msg timestamp="20240513 21:55:45.419" level="INFO">${palavra_randomica} = auhmwtkm</msg>
<status status="PASS" starttime="20240513 21:55:45.419" endtime="20240513 21:55:45.419"/>
</kw>
<kw name="Set Test Variable" library="BuiltIn">
<arg>${mail}</arg>
<arg>${palavra_randomica}@hotmail.com</arg>
<doc>Makes a variable available everywhere within the scope of the current test.</doc>
<msg timestamp="20240513 21:55:45.421" level="INFO">${mail} = auhmwtkm@hotmail.com</msg>
<status status="PASS" starttime="20240513 21:55:45.419" endtime="20240513 21:55:45.421"/>
</kw>
<kw name="Log" library="BuiltIn">
<arg>${mail}</arg>
<doc>Logs the given message with the given level.</doc>
<msg timestamp="20240513 21:55:45.422" level="INFO">auhmwtkm@hotmail.com</msg>
<status status="PASS" starttime="20240513 21:55:45.422" endtime="20240513 21:55:45.422"/>
</kw>
<kw name="Wait Until Element Is Visible" library="SeleniumLibrary">
<arg>locator=${Email_form}</arg>
<doc>Waits until the element ``locator`` is visible.</doc>
<status status="PASS" starttime="20240513 21:55:45.422" endtime="20240513 21:55:45.506"/>
</kw>
<kw name="Input Text" library="SeleniumLibrary">
<arg>locator=${Email_form}</arg>
<arg>text=${mail}</arg>
<doc>Types the given ``text`` into the text field identified by ``locator``.</doc>
<msg timestamp="20240513 21:55:45.508" level="INFO">Typing text 'auhmwtkm@hotmail.com' into text field '//input[contains(@name,'mail')]'.</msg>
<status status="PASS" starttime="20240513 21:55:45.506" endtime="20240513 21:55:45.888"/>
</kw>
<status status="PASS" starttime="20240513 21:55:45.418" endtime="20240513 21:55:45.889"/>
</kw>
<kw name="Passo 10 - Digitar perfil de acesso" library="front">
<kw name="Wait Until Element Is Visible" library="SeleniumLibrary">
<arg>locator=${Perfil_Acesso_form}</arg>
<doc>Waits until the element ``locator`` is visible.</doc>
<status status="PASS" starttime="20240513 21:55:45.895" endtime="20240513 21:55:46.215"/>
</kw>
<kw name="Input Text" library="SeleniumLibrary">
<arg>locator=${Perfil_Acesso_form}</arg>
<arg>text=admin</arg>
<doc>Types the given ``text`` into the text field identified by ``locator``.</doc>
<msg timestamp="20240513 21:55:46.216" level="INFO">Typing text 'admin' into text field '//input[contains(@name,'accessProfile')]'.</msg>
<status status="PASS" starttime="20240513 21:55:46.215" endtime="20240513 21:55:46.369"/>
</kw>
<status status="PASS" starttime="20240513 21:55:45.892" endtime="20240513 21:55:46.370"/>
</kw>
<kw name="Passo 11 - Digitar CPF" library="front">
<kw name="Generate Random String" library="String">
<var>${cpf_randomico}</var>
<arg>11</arg>
<arg>chars=[NUMBERS]</arg>
<doc>Generates a string with a desired ``length`` from the given ``chars``.</doc>
<msg timestamp="20240513 21:55:46.372" level="INFO">${cpf_randomico} = 89692561694</msg>
<status status="PASS" starttime="20240513 21:55:46.371" endtime="20240513 21:55:46.372"/>
</kw>
<kw name="Set Test Variable" library="BuiltIn">
<arg>${CPF}</arg>
<arg>${cpf_randomico}</arg>
<doc>Makes a variable available everywhere within the scope of the current test.</doc>
<msg timestamp="20240513 21:55:46.375" level="INFO">${CPF} = 89692561694</msg>
<status status="PASS" starttime="20240513 21:55:46.372" endtime="20240513 21:55:46.375"/>
</kw>
<kw name="Log" library="BuiltIn">
<arg>${CPF}</arg>
<doc>Logs the given message with the given level.</doc>
<msg timestamp="20240513 21:55:46.375" level="INFO">89692561694</msg>
<status status="PASS" starttime="20240513 21:55:46.375" endtime="20240513 21:55:46.375"/>
</kw>
<kw name="Wait Until Element Is Visible" library="SeleniumLibrary">
<arg>locator=${CPF_form}</arg>
<doc>Waits until the element ``locator`` is visible.</doc>
<status status="PASS" starttime="20240513 21:55:46.376" endtime="20240513 21:55:46.457"/>
</kw>
<kw name="Input Text" library="SeleniumLibrary">
<arg>locator=${CPF_form}</arg>
<arg>text=${CPF}</arg>
<doc>Types the given ``text`` into the text field identified by ``locator``.</doc>
<msg timestamp="20240513 21:55:46.460" level="INFO">Typing text '89692561694' into text field '//input[contains(@name,'cpf')]'.</msg>
<status status="PASS" starttime="20240513 21:55:46.458" endtime="20240513 21:55:46.815"/>
</kw>
<status status="PASS" starttime="20240513 21:55:46.371" endtime="20240513 21:55:46.815"/>
</kw>
<kw name="Passo 12 - Digitar senha" library="front">
<kw name="Wait Until Element Is Visible" library="SeleniumLibrary">
<arg>locator=${password_form}</arg>
<doc>Waits until the element ``locator`` is visible.</doc>
<status status="PASS" starttime="20240513 21:55:46.816" endtime="20240513 21:55:46.923"/>
</kw>
<kw name="Input Password" library="SeleniumLibrary">
<arg>locator=${password_form}</arg>
<arg>password=1234@Ttest</arg>
<doc>Types the given password into the text field identified by ``locator``.</doc>
<msg timestamp="20240513 21:55:46.927" level="INFO">Typing password into text field '//input[contains(@name,'password')]'.</msg>
<msg timestamp="20240513 21:55:47.080" level="INFO">Temporally setting log level to: NONE</msg>
<msg timestamp="20240513 21:55:47.306" level="INFO">Log level changed from NONE to INFO.</msg>
<status status="PASS" starttime="20240513 21:55:46.924" endtime="20240513 21:55:47.307"/>
</kw>
<status status="PASS" starttime="20240513 21:55:46.816" endtime="20240513 21:55:47.307"/>
</kw>
<kw name="Passo 13 - Digitar confirmar senha" library="front">
<kw name="Wait Until Element Is Visible" library="SeleniumLibrary">
<arg>locator=${confirmarSenha_form}</arg>
<doc>Waits until the element ``locator`` is visible.</doc>
<status status="PASS" starttime="20240513 21:55:47.308" endtime="20240513 21:55:47.407"/>
</kw>
<kw name="Input Password" library="SeleniumLibrary">
<arg>locator=${confirmarSenha_form}</arg>
<arg>password=1234@Ttest</arg>
<doc>Types the given password into the text field identified by ``locator``.</doc>
<msg timestamp="20240513 21:55:47.409" level="INFO">Typing password into text field '//input[contains(@name,'password')]'.</msg>
<msg timestamp="20240513 21:55:47.645" level="INFO">Temporally setting log level to: NONE</msg>
<msg timestamp="20240513 21:55:47.882" level="INFO">Log level changed from NONE to INFO.</msg>
<status status="PASS" starttime="20240513 21:55:47.408" endtime="20240513 21:55:47.882"/>
</kw>
<status status="PASS" starttime="20240513 21:55:47.307" endtime="20240513 21:55:47.882"/>
</kw>
<kw name="Passo 14 - Clicar no Salvar Novo" library="front">
<kw name="Wait Until Element Is Visible" library="SeleniumLibrary">
<arg>locator=${ButtonSalvar_fomr}</arg>
<doc>Waits until the element ``locator`` is visible.</doc>
<status status="PASS" starttime="20240513 21:55:47.887" endtime="20240513 21:55:47.986"/>
</kw>
<kw name="Click Button" library="SeleniumLibrary">
<arg>locator=${ButtonSalvar_fomr}</arg>
<doc>Clicks the button identified by ``locator``.</doc>
<msg timestamp="20240513 21:55:47.988" level="INFO">Clicking button '//button[@type='submit'][contains(.,'SALVAR NOVO')]'.</msg>
<status status="PASS" starttime="20240513 21:55:47.986" endtime="20240513 21:55:48.307"/>
</kw>
<status status="PASS" starttime="20240513 21:55:47.885" endtime="20240513 21:55:48.307"/>
</kw>
<kw name="Fechar o navegador" library="front" type="TEARDOWN">
<kw name="Close Browser" library="SeleniumLibrary">
<doc>Closes the current browser.</doc>
<status status="PASS" starttime="20240513 21:55:48.318" endtime="20240513 21:55:51.186"/>
</kw>
<status status="PASS" starttime="20240513 21:55:48.317" endtime="20240513 21:55:51.186"/>
</kw>
<status status="PASS" starttime="20240513 21:55:35.974" endtime="20240513 21:55:51.188"/>
</test>
<test id="s1-s1-t2" name="03- Cadastro de Diretoria" line="26">
<kw name="Abrir o navegador" library="front" type="SETUP">
<kw name="Open Browser" library="SeleniumLibrary">
<arg>browser=headlesschrome</arg>
<doc>Opens a new browser instance to the optional ``url``.</doc>
<msg timestamp="20240513 21:55:51.196" level="INFO">Opening browser 'headlesschrome' to base url 'None'.</msg>
<status status="PASS" starttime="20240513 21:55:51.196" endtime="20240513 21:55:54.287"/>
</kw>
<kw name="Maximize Browser Window" library="SeleniumLibrary">
<doc>Maximizes current browser window.</doc>
<status status="PASS" starttime="20240513 21:55:54.287" endtime="20240513 21:55:54.350"/>
</kw>
<status status="PASS" starttime="20240513 21:55:51.194" endtime="20240513 21:55:54.350"/>
</kw>
<kw name="Passo 1 - Acessar a pagina de login Academy" library="front">
<kw name="Go To" library="SeleniumLibrary">
<arg>url=${URL}</arg>
<doc>Navigates the current browser window to the provided ``url``.</doc>
<msg timestamp="20240513 21:55:54.351" level="INFO">Opening url 'https://automacao.qacoders-academy.com.br/login'</msg>
<status status="PASS" starttime="20240513 21:55:54.351" endtime="20240513 21:55:54.912"/>
</kw>
<status status="PASS" starttime="20240513 21:55:54.350" endtime="20240513 21:55:54.912"/>
</kw>
<kw name="Passo 2 - Digitar o email" library="front">
<kw name="Wait Until Element Is Visible" library="SeleniumLibrary">
<arg>locator=${email}</arg>
<doc>Waits until the element ``locator`` is visible.</doc>
<status status="PASS" starttime="20240513 21:55:54.918" endtime="20240513 21:55:55.076"/>
</kw>
<kw name="Input Text" library="SeleniumLibrary">
<arg>locator=${email}</arg>
<arg>text=sysadmin@qacoders.com</arg>
<doc>Types the given ``text`` into the text field identified by ``locator``.</doc>
<msg timestamp="20240513 21:55:55.077" level="INFO">Typing text 'sysadmin@qacoders.com' into text field '//input[@id='email']'.</msg>
<status status="PASS" starttime="20240513 21:55:55.076" endtime="20240513 21:55:55.296"/>
</kw>
<status status="PASS" starttime="20240513 21:55:54.918" endtime="20240513 21:55:55.296"/>
</kw>
<kw name="Passo 3 - Digitar a senha" library="front">
<kw name="Wait Until Element Is Visible" library="SeleniumLibrary">
<arg>locator=${password}</arg>
<doc>Waits until the element ``locator`` is visible.</doc>
<status status="PASS" starttime="20240513 21:55:55.296" endtime="20240513 21:55:55.326"/>
</kw>
<kw name="Input Password" library="SeleniumLibrary">
<arg>locator=${password}</arg>
<arg>password=1234@Test</arg>
<doc>Types the given password into the text field identified by ``locator``.</doc>
<msg timestamp="20240513 21:55:55.327" level="INFO">Typing password into text field '//input[@id='password']'.</msg>
<msg timestamp="20240513 21:55:55.380" level="INFO">Temporally setting log level to: NONE</msg>
<msg timestamp="20240513 21:55:55.591" level="INFO">Log level changed from NONE to INFO.</msg>
<status status="PASS" starttime="20240513 21:55:55.326" endtime="20240513 21:55:55.591"/>
</kw>
<status status="PASS" starttime="20240513 21:55:55.296" endtime="20240513 21:55:55.591"/>
</kw>
<kw name="Passo 4 - Clicar em Entrar" library="front">
<kw name="Wait Until Element Is Visible" library="SeleniumLibrary">
<arg>locator=${ButtonEntrar}</arg>
<doc>Waits until the element ``locator`` is visible.</doc>
<status status="PASS" starttime="20240513 21:55:55.593" endtime="20240513 21:55:55.638"/>
</kw>
<kw name="Click Button" library="SeleniumLibrary">
<arg>locator=${ButtonEntrar}</arg>
<doc>Clicks the button identified by ``locator``.</doc>
<msg timestamp="20240513 21:55:55.639" level="INFO">Clicking button '//button[contains(@id,'login')]'.</msg>
<status status="PASS" starttime="20240513 21:55:55.638" endtime="20240513 21:55:55.740"/>
</kw>
<kw name="Sleep" library="BuiltIn">
<arg>3s</arg>
<doc>Pauses the test executed for the given time.</doc>
<msg timestamp="20240513 21:55:58.741" level="INFO">Slept 3 seconds</msg>
<status status="PASS" starttime="20240513 21:55:55.741" endtime="20240513 21:55:58.741"/>
</kw>
<status status="PASS" starttime="20240513 21:55:55.592" endtime="20240513 21:55:58.741"/>
</kw>
<kw name="Passo 5 - Clicar em Cadastro" library="front">
<kw name="Wait Until Element Is Visible" library="SeleniumLibrary">
<arg>locator=${Cadastro}</arg>
<doc>Waits until the element ``locator`` is visible.</doc>
<status status="PASS" starttime="20240513 21:55:58.742" endtime="20240513 21:55:58.761"/>
</kw>
<kw name="Click Element" library="SeleniumLibrary">
<arg>locator=${Cadastro}</arg>
<doc>Click the element identified by ``locator``.</doc>
<msg timestamp="20240513 21:55:58.762" level="INFO">Clicking element '//div[contains(@id,'Cadastros')]'.</msg>
<status status="PASS" starttime="20240513 21:55:58.762" endtime="20240513 21:55:58.819"/>
</kw>
<status status="PASS" starttime="20240513 21:55:58.741" endtime="20240513 21:55:58.819"/>
</kw>
<kw name="Passo 15 - Clicar em Diretoria" library="front">
<kw name="Wait Until Element Is Visible" library="SeleniumLibrary">
<arg>locator=${Diretoria}</arg>
<doc>Waits until the element ``locator`` is visible.</doc>
<status status="PASS" starttime="20240513 21:55:58.820" endtime="20240513 21:55:58.850"/>
</kw>
<kw name="Click Element" library="SeleniumLibrary">
<arg>locator=${Diretoria}</arg>
<doc>Click the element identified by ``locator``.</doc>
<msg timestamp="20240513 21:55:58.851" level="INFO">Clicking element '//span[@class='MuiTypography-root MuiTypography-body1 MuiListItemText-primary css-yb0lig'][contains(.,'Diretorias')]'.</msg>
<status status="PASS" starttime="20240513 21:55:58.850" endtime="20240513 21:55:58.926"/>
</kw>
<status status="PASS" starttime="20240513 21:55:58.819" endtime="20240513 21:55:58.926"/>
</kw>
<kw name="Passo 16 - Clicar em Novo Cadastro da Diretoria" library="front">
<kw name="Wait Until Element Is Visible" library="SeleniumLibrary">
<arg>locator=${NovoCadastro_Diretoria}</arg>
<doc>Waits until the element ``locator`` is visible.</doc>
<status status="PASS" starttime="20240513 21:55:58.927" endtime="20240513 21:55:59.006"/>
</kw>
<kw name="Click Element" library="SeleniumLibrary">
<arg>locator=${NovoCadastro_Diretoria}</arg>
<doc>Click the element identified by ``locator``.</doc>
<msg timestamp="20240513 21:55:59.007" level="INFO">Clicking element '//button[@class='css-fvzsut'][contains(.,'Novo Cadastro')]'.</msg>
<status status="PASS" starttime="20240513 21:55:59.006" endtime="20240513 21:55:59.101"/>
</kw>
<status status="PASS" starttime="20240513 21:55:58.927" endtime="20240513 21:55:59.101"/>
</kw>
<kw name="Passo 17- Clicar em Nome Diretoria" library="front">
<kw name="Generate Random String" library="String">
<var>${palavra_randomica}</var>
<arg>8</arg>
<arg>chars=[LETTERS]</arg>
<doc>Generates a string with a desired ``length`` from the given ``chars``.</doc>
<msg timestamp="20240513 21:55:59.102" level="INFO">${palavra_randomica} = eDSfWOIC</msg>
<status status="PASS" starttime="20240513 21:55:59.102" endtime="20240513 21:55:59.102"/>
</kw>
<kw name="Convert To Lower Case" library="String">
<var>${palavra_randomica}</var>
<arg>${palavra_randomica}</arg>
<doc>Converts string to lower case.</doc>
<msg timestamp="20240513 21:55:59.103" level="INFO">${palavra_randomica} = edsfwoic</msg>
<status status="PASS" starttime="20240513 21:55:59.103" endtime="20240513 21:55:59.103"/>
</kw>
<kw name="Set Test Variable" library="BuiltIn">
<arg>${diretoria}</arg>
<arg>${palavra_randomica}</arg>
<doc>Makes a variable available everywhere within the scope of the current test.</doc>
<msg timestamp="20240513 21:55:59.103" level="INFO">${diretoria} = edsfwoic</msg>
<status status="PASS" starttime="20240513 21:55:59.103" endtime="20240513 21:55:59.103"/>
</kw>
<kw name="Log" library="BuiltIn">
<arg>${diretoria}</arg>
<doc>Logs the given message with the given level.</doc>
<msg timestamp="20240513 21:55:59.104" level="INFO">edsfwoic</msg>
<status status="PASS" starttime="20240513 21:55:59.103" endtime="20240513 21:55:59.104"/>
</kw>
<kw name="Wait Until Element Is Visible" library="SeleniumLibrary">
<arg>locator=${NomeDiretoria}</arg>
<doc>Waits until the element ``locator`` is visible.</doc>
<status status="PASS" starttime="20240513 21:55:59.104" endtime="20240513 21:55:59.145"/>
</kw>
<kw name="Input Text" library="SeleniumLibrary">
<arg>locator=${NomeDiretoria}</arg>
<arg>text=${diretoria}</arg>
<doc>Types the given ``text`` into the text field identified by ``locator``.</doc>
<msg timestamp="20240513 21:55:59.146" level="INFO">Typing text 'edsfwoic' into text field '//input[contains(@class,'MuiInputBase-input MuiInput-input css-mnn31')]'.</msg>
<status status="PASS" starttime="20240513 21:55:59.146" endtime="20240513 21:55:59.510"/>
</kw>
<status status="PASS" starttime="20240513 21:55:59.102" endtime="20240513 21:55:59.510"/>
</kw>
<kw name="Passo 18- Clicar no Botao Salvar Diretoria" library="front">
<kw name="Wait Until Element Is Visible" library="SeleniumLibrary">
<arg>locator=${Button_Salvar_Diretoria}</arg>
<doc>Waits until the element ``locator`` is visible.</doc>
<status status="PASS" starttime="20240513 21:55:59.519" endtime="20240513 21:55:59.620"/>
</kw>
<kw name="Click Button" library="SeleniumLibrary">
<arg>locator=${Button_Salvar_Diretoria}</arg>
<doc>Clicks the button identified by ``locator``.</doc>
<msg timestamp="20240513 21:55:59.628" level="INFO">Clicking button '//button[@type='submit'][contains(.,'SALVAR NOVO')]'.</msg>
<status status="PASS" starttime="20240513 21:55:59.623" endtime="20240513 21:55:59.890"/>
</kw>
<status status="PASS" starttime="20240513 21:55:59.517" endtime="20240513 21:55:59.890"/>
</kw>
<kw name="Passo 19- Clicar no Botao Editar" library="front">
<kw name="Wait Until Element Is Visible" library="SeleniumLibrary">
<arg>locator=${Button_Editar}</arg>
<doc>Waits until the element ``locator`` is visible.</doc>
<status status="PASS" starttime="20240513 21:55:59.895" endtime="20240513 21:56:00.089"/>
</kw>
<kw name="Click Button" library="SeleniumLibrary">
<arg>locator=${Button_Editar}</arg>
<doc>Clicks the button identified by ``locator``.</doc>
<msg timestamp="20240513 21:56:00.090" level="INFO">Clicking button '(//button[contains(@id,'edit')])[1]'.</msg>
<status status="PASS" starttime="20240513 21:56:00.089" endtime="20240513 21:56:00.465"/>
</kw>
<status status="PASS" starttime="20240513 21:55:59.892" endtime="20240513 21:56:00.466"/>
</kw>
<kw name="Passo 20- Editar o nome da diretoria" library="front">
<kw name="Generate Random String" library="String">
<var>${palavra_randomica}</var>
<arg>8</arg>
<arg>chars=[LETTERS]</arg>
<doc>Generates a string with a desired ``length`` from the given ``chars``.</doc>
<msg timestamp="20240513 21:56:00.467" level="INFO">${palavra_randomica} = klhhaRxK</msg>
<status status="PASS" starttime="20240513 21:56:00.467" endtime="20240513 21:56:00.467"/>
</kw>
<kw name="Convert To Lower Case" library="String">
<var>${palavra_randomica}</var>
<arg>${palavra_randomica}</arg>
<doc>Converts string to lower case.</doc>
<msg timestamp="20240513 21:56:00.468" level="INFO">${palavra_randomica} = klhharxk</msg>
<status status="PASS" starttime="20240513 21:56:00.467" endtime="20240513 21:56:00.469"/>
</kw>
<kw name="Set Test Variable" library="BuiltIn">
<arg>${diretoria&amp;}</arg>
<arg>${palavra_randomica}</arg>
<doc>Makes a variable available everywhere within the scope of the current test.</doc>
<msg timestamp="20240513 21:56:00.478" level="INFO">${diretoria&amp;} = klhharxk</msg>
<status status="PASS" starttime="20240513 21:56:00.469" endtime="20240513 21:56:00.478"/>
</kw>
<kw name="Log" library="BuiltIn">
<arg>${diretoria&amp;}</arg>
<doc>Logs the given message with the given level.</doc>
<msg timestamp="20240513 21:56:00.480" level="INFO">klhharxk</msg>
<status status="PASS" starttime="20240513 21:56:00.479" endtime="20240513 21:56:00.480"/>
</kw>
<kw name="Wait Until Element Is Visible" library="SeleniumLibrary">
<arg>locator=${NomeEditar}</arg>
<doc>Waits until the element ``locator`` is visible.</doc>
<status status="PASS" starttime="20240513 21:56:00.481" endtime="20240513 21:56:00.579"/>
</kw>
<kw name="Input Text" library="SeleniumLibrary">
<arg>locator=${NomeEditar}</arg>
<arg>text=${diretoria&amp;}</arg>
<doc>Types the given ``text`` into the text field identified by ``locator``.</doc>
<msg timestamp="20240513 21:56:00.580" level="INFO">Typing text 'klhharxk' into text field '//input[contains(@class,'MuiInputBase-input MuiInput-input css-mnn31')]'.</msg>
<status status="PASS" starttime="20240513 21:56:00.579" endtime="20240513 21:56:00.930"/>
</kw>
<status status="PASS" starttime="20240513 21:56:00.466" endtime="20240513 21:56:00.931"/>
</kw>
<kw name="Passo 21- Clicar botão salvar alterações" library="front">
<kw name="Wait Until Element Is Visible" library="SeleniumLibrary">
<arg>locator=${ButtonSalvar_Alteracoes}</arg>
<doc>Waits until the element ``locator`` is visible.</doc>
<status status="PASS" starttime="20240513 21:56:00.934" endtime="20240513 21:56:01.132"/>
</kw>
<kw name="Click Button" library="SeleniumLibrary">
<arg>locator=${ButtonSalvar_Alteracoes}</arg>
<doc>Clicks the button identified by ``locator``.</doc>
<msg timestamp="20240513 21:56:01.134" level="INFO">Clicking button '//button[@type='submit'][contains(.,'SALVAR ALTERAÇOES')]'.</msg>
<status status="PASS" starttime="20240513 21:56:01.133" endtime="20240513 21:56:01.299"/>
</kw>
<status status="PASS" starttime="20240513 21:56:00.932" endtime="20240513 21:56:01.299"/>
</kw>
<kw name="Fechar o navegador" library="front" type="TEARDOWN">
<kw name="Close Browser" library="SeleniumLibrary">
<doc>Closes the current browser.</doc>
<status status="PASS" starttime="20240513 21:56:01.301" endtime="20240513 21:56:04.454"/>
</kw>
<status status="PASS" starttime="20240513 21:56:01.300" endtime="20240513 21:56:04.455"/>
</kw>
<status status="PASS" starttime="20240513 21:55:51.193" endtime="20240513 21:56:04.456"/>
</test>
<status status="PASS" starttime="20240513 21:55:35.656" endtime="20240513 21:56:04.460"/>
</suite>
<suite id="s1-s2" name="Login" source="D:\ProjetoAutomacaoAcademy\tests\login.robot">
<test id="s1-s2-t1" name="01 - login de acesso" line="11">
<kw name="Abrir o navegador" library="front" type="SETUP">
<kw name="Open Browser" library="SeleniumLibrary">
<arg>browser=headlesschrome</arg>
<doc>Opens a new browser instance to the optional ``url``.</doc>
<msg timestamp="20240513 21:56:04.488" level="INFO">Opening browser 'headlesschrome' to base url 'None'.</msg>
<status status="PASS" starttime="20240513 21:56:04.487" endtime="20240513 21:56:07.426"/>
</kw>
<kw name="Maximize Browser Window" library="SeleniumLibrary">
<doc>Maximizes current browser window.</doc>
<status status="PASS" starttime="20240513 21:56:07.427" endtime="20240513 21:56:07.544"/>
</kw>
<status status="PASS" starttime="20240513 21:56:04.487" endtime="20240513 21:56:07.544"/>
</kw>
<kw name="Passo 1 - Acessar a pagina de login Academy" library="front">
<kw name="Go To" library="SeleniumLibrary">
<arg>url=${URL}</arg>
<doc>Navigates the current browser window to the provided ``url``.</doc>
<msg timestamp="20240513 21:56:07.545" level="INFO">Opening url 'https://automacao.qacoders-academy.com.br/login'</msg>
<status status="PASS" starttime="20240513 21:56:07.545" endtime="20240513 21:56:08.059"/>
</kw>
<status status="PASS" starttime="20240513 21:56:07.545" endtime="20240513 21:56:08.059"/>
</kw>
<kw name="Passo 2 - Digitar o email" library="front">
<kw name="Wait Until Element Is Visible" library="SeleniumLibrary">
<arg>locator=${email}</arg>
<doc>Waits until the element ``locator`` is visible.</doc>
<status status="PASS" starttime="20240513 21:56:08.061" endtime="20240513 21:56:08.145"/>
</kw>
<kw name="Input Text" library="SeleniumLibrary">
<arg>locator=${email}</arg>
<arg>text=sysadmin@qacoders.com</arg>
<doc>Types the given ``text`` into the text field identified by ``locator``.</doc>
<msg timestamp="20240513 21:56:08.146" level="INFO">Typing text 'sysadmin@qacoders.com' into text field '//input[@id='email']'.</msg>
<status status="PASS" starttime="20240513 21:56:08.145" endtime="20240513 21:56:08.374"/>
</kw>
<status status="PASS" starttime="20240513 21:56:08.060" endtime="20240513 21:56:08.374"/>
</kw>
<kw name="Passo 3 - Digitar a senha" library="front">
<kw name="Wait Until Element Is Visible" library="SeleniumLibrary">
<arg>locator=${password}</arg>
<doc>Waits until the element ``locator`` is visible.</doc>
<status status="PASS" starttime="20240513 21:56:08.375" endtime="20240513 21:56:08.406"/>
</kw>
<kw name="Input Password" library="SeleniumLibrary">
<arg>locator=${password}</arg>
<arg>password=1234@Test</arg>
<doc>Types the given password into the text field identified by ``locator``.</doc>
<msg timestamp="20240513 21:56:08.407" level="INFO">Typing password into text field '//input[@id='password']'.</msg>
<msg timestamp="20240513 21:56:08.456" level="INFO">Temporally setting log level to: NONE</msg>
<msg timestamp="20240513 21:56:08.540" level="INFO">Log level changed from NONE to INFO.</msg>
<status status="PASS" starttime="20240513 21:56:08.406" endtime="20240513 21:56:08.540"/>
</kw>
<status status="PASS" starttime="20240513 21:56:08.374" endtime="20240513 21:56:08.540"/>
</kw>
<kw name="Passo 4 - Clicar em Entrar" library="front">
<kw name="Wait Until Element Is Visible" library="SeleniumLibrary">
<arg>locator=${ButtonEntrar}</arg>
<doc>Waits until the element ``locator`` is visible.</doc>
<status status="PASS" starttime="20240513 21:56:08.541" endtime="20240513 21:56:08.602"/>
</kw>
<kw name="Click Button" library="SeleniumLibrary">
<arg>locator=${ButtonEntrar}</arg>
<doc>Clicks the button identified by ``locator``.</doc>
<msg timestamp="20240513 21:56:08.604" level="INFO">Clicking button '//button[contains(@id,'login')]'.</msg>
<status status="PASS" starttime="20240513 21:56:08.602" endtime="20240513 21:56:08.740"/>
</kw>
<kw name="Sleep" library="BuiltIn">
<arg>3s</arg>
<doc>Pauses the test executed for the given time.</doc>
<msg timestamp="20240513 21:56:11.741" level="INFO">Slept 3 seconds</msg>
<status status="PASS" starttime="20240513 21:56:08.740" endtime="20240513 21:56:11.741"/>
</kw>
<status status="PASS" starttime="20240513 21:56:08.540" endtime="20240513 21:56:11.741"/>
</kw>
<kw name="Fechar o navegador" library="front" type="TEARDOWN">
<kw name="Close Browser" library="SeleniumLibrary">
<doc>Closes the current browser.</doc>
<status status="PASS" starttime="20240513 21:56:11.744" endtime="20240513 21:56:14.090"/>
</kw>
<status status="PASS" starttime="20240513 21:56:11.743" endtime="20240513 21:56:14.091"/>
</kw>
<status status="PASS" starttime="20240513 21:56:04.486" endtime="20240513 21:56:14.092"/>
</test>
<status status="PASS" starttime="20240513 21:56:04.466" endtime="20240513 21:56:14.096"/>
</suite>
<status status="PASS" starttime="20240513 21:55:35.631" endtime="20240513 21:56:14.104"/>
</suite>
<statistics>
<total>
<stat pass="3" fail="0" skip="0">All Tests</stat>
</total>
<tag>
</tag>
<suite>
<stat pass="3" fail="0" skip="0" id="s1" name="Tests">Tests</stat>
<stat pass="2" fail="0" skip="0" id="s1-s1" name="cadastroUsuario">Tests.cadastroUsuario</stat>
<stat pass="1" fail="0" skip="0" id="s1-s2" name="Login">Tests.Login</stat>
</suite>
</statistics>
<errors>
</errors>
</robot>
